/System/Library/Frameworks/Python.framework/Versions/2.7/bin/python2.7 /Applications/PyCharm.app/Contents/helpers/pydev/pydevd.py --multiproc --qt-support --client 127.0.0.1 --port 54660 --file "/Users/jack/Dropbox/Github/Reinforcement-Learning-791/791/MDP_function (1).py"
warning: Debugger speedups using cython not found. Run '"/System/Library/Frameworks/Python.framework/Versions/2.7/Resources/Python.app/Contents/MacOS/Python" "/Applications/PyCharm.app/Contents/helpers/pydev/setup_cython.py" build_ext --inplace' to build.
pydev debugger: process 52812 is connecting

Connected to pydev debugger (build 163.10154.50)
Selected Features: cumul_TotalPSTime
Backend MacOSX is interactive backend. Turning interactive mode on.

************ selecting feature 2 ************
/Library/Python/2.7/site-packages/pandas/core/indexing.py:477: SettingWithCopyWarning:
A value is trying to be set on a copy of a slice from a DataFrame.
Try using .loc[row_indexer,col_indexer] = value instead

See the caveats in the documentation: http://pandas.pydata.org/pandas-docs/stable/indexing.html#indexing-view-versus-copy
  self.obj[item] = s
	ECR after adding Interaction:		9.10359243267
	ECR after adding hintCount:		10.5143987114
	ECR after adding TotalTime:		12.5885645594
	ECR after adding TotalPSTime:		13.7544145695
	ECR after adding TotalWETime:		14.5962664524
	ECR after adding avgstepTime:		11.8025258369
	ECR after adding avgstepTimePS:		13.7977776886
	ECR after adding stepTimeDeviation:		18.8473542081
	ECR after adding symbolicRepresentationCount:		20.3229938168
	ECR after adding englishSymbolicSwitchCount:		9.46035925595
	ECR after adding Level:		25.1792409116
	ECR after adding probDiff:		28.4018005006
	ECR after adding difficultProblemCountSolved:		43.7848703205
	ECR after adding difficultProblemCountWE:		16.7685593907
	ECR after adding easyProblemCountSolved:		13.476301506
	ECR after adding easyProblemCountWE:		13.7509179352
	ECR after adding probAlternate:		10.4618124919
	ECR after adding easyProbAlternate:		10.4618124919
	ECR after adding RuleTypesCount:		14.7366132656
	ECR after adding UseCount:		9.11604528033
	ECR after adding PrepCount:		10.3520564279
	ECR after adding MorphCount:		9.27459418874
	ECR after adding OptionalCount:		10.3644732257
	ECR after adding NewLevel:		16.3847917787
	ECR after adding SolvedPSInLevel:		16.4508603109
	ECR after adding SeenWEinLevel:		15.6919830551
	ECR after adding probIndexinLevel:		27.0189083351
	ECR after adding probIndexPSinLevel:		15.9614026462
	ECR after adding InterfaceErrorCount:		9.08203004228
	ECR after adding RightApp:		9.12099836611
	ECR after adding WrongApp:		10.3645827575
	ECR after adding WrongSemanticsApp:		9.19474150721
	ECR after adding WrongSyntaxApp:		10.3674267248
	ECR after adding PrightAppRatio:		9.11041569026
	ECR after adding RrightAppRatio:		10.3640124309
	ECR after adding F1Score:		10.2249864086
	ECR after adding FDActionCount:		10.3417085881
	ECR after adding BDActionCount:		9.12769717232
	ECR after adding DirectProofActionCount:		10.3522522571
	ECR after adding InDirectProofActionCount:		10.6905229482
	ECR after adding actionCount:		10.3417085881
	ECR after adding UseWindowInfo:		10.2859756664
	ECR after adding NonPSelements:		9.05050885919
	ECR after adding AppCount:		10.346385716
	ECR after adding AppRatio:		16.3421968463
	ECR after adding hintRatio:		11.6601842955
	ECR after adding BlankRatio:		16.3421968463
	ECR after adding HoverHintCount:		10.3807265411
	ECR after adding SystemInfoHintCount:		10.3261064077
	ECR after adding NextStepClickCountWE:		13.4656965168
	ECR after adding PreviousStepClickCountWE:		10.552707296
	ECR after adding deletedApp:		9.12747275018
	ECR after adding ruleScoreMP:		15.0278615416
	ECR after adding ruleScoreDS:		14.6214115563
	ECR after adding ruleScoreSIMP:		20.874119626
	ECR after adding ruleScoreMT:		9.88235498577
	ECR after adding ruleScoreADD:		13.0574042566
	ECR after adding ruleScoreCONJ:		9.84574751198
	ECR after adding ruleScoreHS:		10.7065649079
	ECR after adding ruleScoreCD:		14.0626798038
	ECR after adding ruleScoreDN:		27.4110814636
	ECR after adding ruleScoreDEM:		10.2240041716
	ECR after adding ruleScoreIMPL:		10.7380324689
	ECR after adding ruleScoreCONTRA:		10.4982950516
	ECR after adding ruleScoreEQUIV:		18.8766211101
	ECR after adding ruleScoreCOM:		18.5112431964
	ECR after adding ruleScoreASSOC:		12.7455015094
	ECR after adding ruleScoreDIST:		10.2056685232
	ECR after adding ruleScoreABS:		17.089842565
	ECR after adding ruleScoreEXP:		14.6025706256
	ECR after adding ruleScoreTAUT:		19.925740554
	ECR after adding cumul_Interaction:		12.1591142866
	ECR after adding cumul_hintCount:		12.6882944968
	ECR after adding cumul_TotalTime:		11.4892453857
	ECR after adding cumul_TotalWETime:		16.8291763202
	ECR after adding cumul_avgstepTime:		15.9650192104
	ECR after adding cumul_avgstepTimeWE:		22.6728615783
	ECR after adding cumul_avgstepTimePS:		15.1658892785
	ECR after adding cumul_symbolicRepresentationCount:		19.4925355007
	ECR after adding cumul_englishSymbolicSwitchCount:		12.4904391069
	ECR after adding cumul_difficultProblemCountSolved:		16.5117537547
	ECR after adding cumul_difficultProblemCountWE:		35.0878234707
	ECR after adding cumul_easyProblemCountSolved:		21.448047063
	ECR after adding cumul_easyProblemCountWE:		22.7694243322
	ECR after adding cumul_probAlternate:		10.4618124919
	ECR after adding cumul_easyProbAlternate:		10.4618124919
	ECR after adding cumul_RuleTypesCount:		18.1822842791
	ECR after adding cumul_UseCount:		12.4566317776
	ECR after adding cumul_PrepCount:		11.4302445399
	ECR after adding cumul_MorphCount:		12.4739723021
	ECR after adding cumul_OptionalCount:		11.4593761797
	ECR after adding cumul_probIndexinLevel:		27.0189083351
	ECR after adding cumul_InterfaceErrorCount:		12.4664813178
	ECR after adding cumul_RightApp:		11.3813590208
	ECR after adding cumul_WrongApp:		12.4601591547
	ECR after adding cumul_WrongSemanticsApp:		12.4636550391
	ECR after adding cumul_WrongSyntaxApp:		13.3750235468
	ECR after adding cumul_PrightAppRatio:		14.3193922247
	ECR after adding cumul_RrightAppRatio:		14.0076261306
	ECR after adding cumul_F1Score:		13.6223392207
	ECR after adding cumul_FDActionCount:		12.2134199303
	ECR after adding cumul_BDActionCount:		12.4894160869
	ECR after adding cumul_DirectProofActionCount:		12.2738148219
	ECR after adding cumul_InDirectProofActionCount:		12.4715663086
	ECR after adding cumul_actionCount:		12.2025107788
	ECR after adding cumul_UseWindowInfo:		17.2867474624
	ECR after adding cumul_NonPSelements:		10.4025976447
	ECR after adding cumul_AppCount:		12.1891985015
	ECR after adding cumul_AppRatio:		13.0856169453
	ECR after adding cumul_hintRatio:		16.1045380956
	ECR after adding cumul_BlankRatio:		13.0854578697
	ECR after adding cumul_HoverHintCount:		13.3502577222
	ECR after adding cumul_SystemInfoHintCount:		12.5042705473
	ECR after adding cumul_NextStepClickCountWE:		15.5149213743
	ECR after adding cumul_PreviousStepClickCountWE:		13.5230095086
	ECR after adding cumul_deletedApp:		14.2176490362
	ECR after adding CurrPro_NumProbRule:		19.1415677931
	ECR after adding CurrPro_avgProbTime:		12.8992773315
	ECR after adding CurrPro_avgProbTimePS:		13.4310967412
	ECR after adding CurrPro_avgProbTimeDeviationPS:		13.6487377208
	ECR after adding CurrPro_avgProbTimeWE:		12.6981091641
	ECR after adding CurrPro_avgProbTimeDeviationWE:		12.6981091641
	ECR after adding CurrPro_medianProbTime:		10.3381890938
Selected Features: difficultProblemCountSolved
current ECR: 43.7848703205

************ selecting feature 3 ************
	ECR after adding Interaction:		42.1946037612
	ECR after adding hintCount:		43.2251110661
	ECR after adding TotalTime:		38.7938472477
	ECR after adding TotalPSTime:		40.6096878594
	ECR after adding TotalWETime:		46.2212691368
	ECR after adding avgstepTime:		45.4675743898
	ECR after adding avgstepTimePS:		45.4979153026
	ECR after adding stepTimeDeviation:		55.6011100868
	ECR after adding symbolicRepresentationCount:		47.8487263131
	ECR after adding englishSymbolicSwitchCount:		55.3375138733
	ECR after adding Level:		98.8082702208
	ECR after adding probDiff:		51.4790123796
	ECR after adding difficultProblemCountWE:		42.743806019
	ECR after adding easyProblemCountSolved:		44.807937219
	ECR after adding easyProblemCountWE:		44.9707117065
	ECR after adding probAlternate:		57.7267530859
	ECR after adding easyProbAlternate:		57.7267530859
	ECR after adding RuleTypesCount:		35.2013703208
	ECR after adding UseCount:		43.7363138741
	ECR after adding PrepCount:		43.8535546664
	ECR after adding MorphCount:		43.9458642032
	ECR after adding OptionalCount:		43.7895435168
	ECR after adding NewLevel:		32.1255403591
	ECR after adding SolvedPSInLevel:		57.2403693673
	ECR after adding SeenWEinLevel:		45.040091361
	ECR after adding probIndexinLevel:		45.5776193722
	ECR after adding probIndexPSinLevel:		50.5898432973
	ECR after adding InterfaceErrorCount:		43.4285943785
	ECR after adding RightApp:		43.8961209134
	ECR after adding WrongApp:		43.7755253402
	ECR after adding WrongSemanticsApp:		43.7992676694
	ECR after adding WrongSyntaxApp:		43.9934358053
	ECR after adding PrightAppRatio:		43.3175437897
	ECR after adding RrightAppRatio:		42.1856407993
	ECR after adding F1Score:		40.7754152725
	ECR after adding FDActionCount:		42.2500891703
	ECR after adding BDActionCount:		43.7192870534
	ECR after adding DirectProofActionCount:		42.3230514287
	ECR after adding InDirectProofActionCount:		44.2201245923
	ECR after adding actionCount:		42.2500891703
	ECR after adding UseWindowInfo:		43.5527454469
	ECR after adding NonPSelements:		43.6244988754
	ECR after adding AppCount:		42.2809561434
	ECR after adding AppRatio:		47.6503314851
	ECR after adding hintRatio:		41.5773248164
	ECR after adding BlankRatio:		47.6503314851
	ECR after adding HoverHintCount:		43.8131618555
	ECR after adding SystemInfoHintCount:		43.7021297453
	ECR after adding NextStepClickCountWE:		44.7411564221
	ECR after adding PreviousStepClickCountWE:		43.9955281471
	ECR after adding deletedApp:		44.277225049
	ECR after adding ruleScoreMP:		54.0283300063
	ECR after adding ruleScoreDS:		51.8574185401
	ECR after adding ruleScoreSIMP:		60.017675071
	ECR after adding ruleScoreMT:		48.0164159197
	ECR after adding ruleScoreADD:		47.5398548224
	ECR after adding ruleScoreCONJ:		59.6843375692
	ECR after adding ruleScoreHS:		61.9522394251
	ECR after adding ruleScoreCD:		48.9726133534
	ECR after adding ruleScoreDN:		79.0613453612
	ECR after adding ruleScoreDEM:		65.4558961628
	ECR after adding ruleScoreIMPL:		64.4385051039
pthread_cond_wait: Resource busy
	ECR after adding ruleScoreCONTRA:		53.4230994862
	ECR after adding ruleScoreEQUIV:		138.631685312
	ECR after adding ruleScoreCOM:		59.1825648586
	ECR after adding ruleScoreASSOC:		56.107787429
	ECR after adding ruleScoreDIST:		54.7278703028
	ECR after adding ruleScoreABS:		43.6196136383
	ECR after adding ruleScoreEXP:		69.8173361048
	ECR after adding ruleScoreTAUT:		72.0890938529
	ECR after adding cumul_Interaction:		44.9549492214
	ECR after adding cumul_hintCount:		61.5622234622
	ECR after adding cumul_TotalTime:		47.9741815192
	ECR after adding cumul_TotalWETime:		59.2703442953
	ECR after adding cumul_avgstepTime:		50.7750165645
	ECR after adding cumul_avgstepTimeWE:		44.8484903388
	ECR after adding cumul_avgstepTimePS:		49.5007636648
	ECR after adding cumul_symbolicRepresentationCount:		57.3785230337
	ECR after adding cumul_englishSymbolicSwitchCount:		48.2420232012
	ECR after adding cumul_difficultProblemCountSolved:		39.7185342591
	ECR after adding cumul_difficultProblemCountWE:		38.0661784745
	ECR after adding cumul_easyProblemCountSolved:		51.843397084
	ECR after adding cumul_easyProblemCountWE:		58.89818578
	ECR after adding cumul_probAlternate:		57.7267530859
	ECR after adding cumul_easyProbAlternate:		57.7267530859
	ECR after adding cumul_RuleTypesCount:		40.516808951
	ECR after adding cumul_UseCount:		46.1468969269
	ECR after adding cumul_PrepCount:		49.0643987144
	ECR after adding cumul_MorphCount:		43.730071384
	ECR after adding cumul_OptionalCount:		46.1900895956
	ECR after adding cumul_probIndexinLevel:		45.5776193722
	ECR after adding cumul_InterfaceErrorCount:		43.6542084852
	ECR after adding cumul_RightApp:		43.6346548516
	ECR after adding cumul_WrongApp:		43.5123908547
	ECR after adding cumul_WrongSemanticsApp:		43.5907581795
	ECR after adding cumul_WrongSyntaxApp:		46.1977904772
	ECR after adding cumul_PrightAppRatio:		48.2856430642
	ECR after adding cumul_RrightAppRatio:		46.8117351421
	ECR after adding cumul_F1Score:		50.3507988556
	ECR after adding cumul_FDActionCount:		43.7707916248
	ECR after adding cumul_BDActionCount:		43.7222502651
	ECR after adding cumul_DirectProofActionCount:		44.7481618514
	ECR after adding cumul_InDirectProofActionCount:		43.9927986374
	ECR after adding cumul_actionCount:		43.8237460829
	ECR after adding cumul_UseWindowInfo:		54.5053722297
	ECR after adding cumul_NonPSelements:		46.5366897611
	ECR after adding cumul_AppCount:		43.6740574146
	ECR after adding cumul_AppRatio:		25.0800482961
	ECR after adding cumul_hintRatio:		46.1349364124
	ECR after adding cumul_BlankRatio:		25.0525635891
	ECR after adding cumul_HoverHintCount:		43.7424710783
	ECR after adding cumul_SystemInfoHintCount:		43.79306896
	ECR after adding cumul_NextStepClickCountWE:		45.3249927109
	ECR after adding cumul_PreviousStepClickCountWE:		44.0368063897
	ECR after adding cumul_deletedApp:		43.7503206761
	ECR after adding CurrPro_NumProbRule:		45.3230783539
	ECR after adding CurrPro_avgProbTime:		44.110293878
	ECR after adding CurrPro_avgProbTimePS:		49.5199897433
	ECR after adding CurrPro_avgProbTimeDeviationPS:		39.1715531643
	ECR after adding CurrPro_avgProbTimeWE:		55.9720515077
	ECR after adding CurrPro_avgProbTimeDeviationWE:		55.9720515077
	ECR after adding CurrPro_medianProbTime:		37.8873546252
Selected Features: ruleScoreEQUIV
current ECR: 138.631685312

************ selecting feature 4 ************
	ECR after adding Interaction:		255.390984954
	ECR after adding hintCount:		139.835987383
	ECR after adding TotalTime:		137.199190459
	ECR after adding TotalPSTime:		93.1887753885
	ECR after adding TotalWETime:		140.844442752
	ECR after adding avgstepTime:		80.9263788808
	ECR after adding avgstepTimePS:		50.5672062829
	ECR after adding stepTimeDeviation:		46.4660424756
	ECR after adding symbolicRepresentationCount:		107.397501815
	ECR after adding englishSymbolicSwitchCount:		134.98259247
	ECR after adding Level:		151.386720688
	ECR after adding probDiff:		111.596078914
	ECR after adding difficultProblemCountWE:		121.005283125
	ECR after adding easyProblemCountSolved:		134.832224207
	ECR after adding easyProblemCountWE:		135.620323912
	ECR after adding probAlternate:		136.840303352
	ECR after adding easyProbAlternate:		136.840303352
	ECR after adding RuleTypesCount:		108.500638852
	ECR after adding UseCount:		138.497938897
	ECR after adding PrepCount:		138.615011325
	ECR after adding MorphCount:		148.789499259
	ECR after adding OptionalCount:		138.602732271
	ECR after adding NewLevel:		116.387977787
	ECR after adding SolvedPSInLevel:		45.2525636078
	ECR after adding SeenWEinLevel:		142.407010599
	ECR after adding probIndexinLevel:		46.9653037697
	ECR after adding probIndexPSinLevel:		40.2676669942
	ECR after adding InterfaceErrorCount:		137.615433634
	ECR after adding RightApp:		148.317595456
	ECR after adding WrongApp:		138.607285117
	ECR after adding WrongSemanticsApp:		138.666949338
	ECR after adding WrongSyntaxApp:		138.662806861
	ECR after adding PrightAppRatio:		257.098801382
	ECR after adding RrightAppRatio:		158.240657777
	ECR after adding F1Score:		261.944015421
	ECR after adding FDActionCount:		255.390404569
	ECR after adding BDActionCount:		138.504575473
	ECR after adding DirectProofActionCount:		259.686455232
	ECR after adding InDirectProofActionCount:		139.321416313
	ECR after adding actionCount:		255.390404569
	ECR after adding UseWindowInfo:		137.961352134
	ECR after adding NonPSelements:		138.586710734
	ECR after adding AppCount:		255.448025665
	ECR after adding AppRatio:		76.8268214849
pthread_cond_wait: Resource busy
	ECR after adding hintRatio:		68.1190941073
	ECR after adding BlankRatio:		76.8268214849
	ECR after adding HoverHintCount:		151.897147452
	ECR after adding SystemInfoHintCount:		138.449212817
	ECR after adding NextStepClickCountWE:		141.25584241
	ECR after adding PreviousStepClickCountWE:		138.570789714
	ECR after adding deletedApp:		138.868080727
	ECR after adding ruleScoreMP:		134.504055852
	ECR after adding ruleScoreDS:		138.927625094
	ECR after adding ruleScoreSIMP:		163.792247982
	ECR after adding ruleScoreMT:		129.622813683
	ECR after adding ruleScoreADD:		145.370290114
	ECR after adding ruleScoreCONJ:		135.580770455
	ECR after adding ruleScoreHS:		63.6013741551
	ECR after adding ruleScoreCD:		101.209270558
	ECR after adding ruleScoreDN:		170.215505562
	ECR after adding ruleScoreDEM:		170.750854879
	ECR after adding ruleScoreIMPL:		217.508864334
	ECR after adding ruleScoreCONTRA:		130.588596131
	ECR after adding ruleScoreCOM:		139.296939872
	ECR after adding ruleScoreASSOC:		101.655702309
	ECR after adding ruleScoreDIST:		109.373619255
	ECR after adding ruleScoreABS:		131.853655086
	ECR after adding ruleScoreEXP:		119.646795766
	ECR after adding ruleScoreTAUT:		117.823092162
	ECR after adding cumul_Interaction:		135.500324509
	ECR after adding cumul_hintCount:		141.588442113
	ECR after adding cumul_TotalTime:		100.246757931
	ECR after adding cumul_TotalWETime:		191.517348672
	ECR after adding cumul_avgstepTime:		110.970536654
	ECR after adding cumul_avgstepTimeWE:		108.479916182
	ECR after adding cumul_avgstepTimePS:		111.191395339
	ECR after adding cumul_symbolicRepresentationCount:		138.241514294
	ECR after adding cumul_englishSymbolicSwitchCount:		137.891325013
	ECR after adding cumul_difficultProblemCountSolved:		37.6275292509
	ECR after adding cumul_difficultProblemCountWE:		93.1776139303
	ECR after adding cumul_easyProblemCountSolved:		127.833258314
	ECR after adding cumul_easyProblemCountWE:		141.913194092
	ECR after adding cumul_probAlternate:		136.840303352
	ECR after adding cumul_easyProbAlternate:		136.840303352
	ECR after adding cumul_RuleTypesCount:		107.687211852
	ECR after adding cumul_UseCount:		138.155626156
	ECR after adding cumul_PrepCount:		137.897404478
	ECR after adding cumul_MorphCount:		138.463485431
	ECR after adding cumul_OptionalCount:		138.269519143
	ECR after adding cumul_probIndexinLevel:		46.9653037697
	ECR after adding cumul_InterfaceErrorCount:		138.009687246
	ECR after adding cumul_RightApp:		137.379137177
	ECR after adding cumul_WrongApp:		138.075303941
	ECR after adding cumul_WrongSemanticsApp:		138.058533005
	ECR after adding cumul_WrongSyntaxApp:		138.284796585
	ECR after adding cumul_PrightAppRatio:		257.085364841
	ECR after adding cumul_RrightAppRatio:		54.2610050965
	ECR after adding cumul_F1Score:		259.582112926
	ECR after adding cumul_FDActionCount:		136.299948459
	ECR after adding cumul_BDActionCount:		138.482904242
	ECR after adding cumul_DirectProofActionCount:		137.268662094
	ECR after adding cumul_InDirectProofActionCount:		139.115764869
	ECR after adding cumul_actionCount:		136.187368499
	ECR after adding cumul_UseWindowInfo:		138.049504642
	ECR after adding cumul_NonPSelements:		138.509133002
	ECR after adding cumul_AppCount:		135.993348922
	ECR after adding cumul_AppRatio:		95.8663374115
	ECR after adding cumul_hintRatio:		88.2032441022
	ECR after adding cumul_BlankRatio:		95.8455793638
	ECR after adding cumul_HoverHintCount:		152.260510306
	ECR after adding cumul_SystemInfoHintCount:		138.63907973
	ECR after adding cumul_NextStepClickCountWE:		146.176020605
	ECR after adding cumul_PreviousStepClickCountWE:		139.086292889
	ECR after adding cumul_deletedApp:		138.475627727
	ECR after adding CurrPro_NumProbRule:		82.8383688747
	ECR after adding CurrPro_avgProbTime:		89.3130062681
	ECR after adding CurrPro_avgProbTimePS:		101.965945646
	ECR after adding CurrPro_avgProbTimeDeviationPS:		109.068486776
	ECR after adding CurrPro_avgProbTimeWE:		132.772976004
	ECR after adding CurrPro_avgProbTimeDeviationWE:		132.772976004
	ECR after adding CurrPro_medianProbTime:		71.8056127052
Selected Features: F1Score
current ECR: 261.944015421

************ selecting feature 5 ************
	ECR after adding Interaction:		218.50593711
	ECR after adding hintCount:		262.973564357
	ECR after adding TotalTime:		257.201486858
	ECR after adding TotalPSTime:		197.855525575
	ECR after adding TotalWETime:		264.333853583
	ECR after adding avgstepTime:		80.1452653157
	ECR after adding avgstepTimePS:		49.7225219298
	ECR after adding stepTimeDeviation:		136.579350267
	ECR after adding symbolicRepresentationCount:		172.755140584
	ECR after adding englishSymbolicSwitchCount:		237.947699047
	ECR after adding Level:		289.353986368
	ECR after adding probDiff:		202.395571585
	ECR after adding difficultProblemCountWE:		226.04468595
	ECR after adding easyProblemCountSolved:		260.036236641
	ECR after adding easyProblemCountWE:		257.355540172
	ECR after adding probAlternate:		255.550795194
	ECR after adding easyProbAlternate:		255.550795194
	ECR after adding RuleTypesCount:		111.628154175
	ECR after adding UseCount:		259.600012355
	ECR after adding PrepCount:		245.868528769
	ECR after adding MorphCount:		221.030678891
	ECR after adding OptionalCount:		261.021122984
	ECR after adding NewLevel:		198.870237959
	ECR after adding SolvedPSInLevel:		44.8076841641
	ECR after adding SeenWEinLevel:		259.346883251
	ECR after adding probIndexinLevel:		43.6308395083
	ECR after adding probIndexPSinLevel:		43.3808652092
	ECR after adding InterfaceErrorCount:		233.031599367
	ECR after adding RightApp:		214.514278704
	ECR after adding WrongApp:		249.129734155
	ECR after adding WrongSemanticsApp:		259.720866896
	ECR after adding WrongSyntaxApp:		250.86792135
	ECR after adding PrightAppRatio:		257.055576116
	ECR after adding RrightAppRatio:		230.950658468
	ECR after adding FDActionCount:		219.057616511
	ECR after adding BDActionCount:		261.836471859
	ECR after adding DirectProofActionCount:		234.346630755
	ECR after adding InDirectProofActionCount:		241.022001079
	ECR after adding actionCount:		219.057616511
	ECR after adding UseWindowInfo:		261.046089914
	ECR after adding NonPSelements:		262.329209294
	ECR after adding AppCount:		219.672097461
	ECR after adding AppRatio:		165.891214762
	ECR after adding hintRatio:		175.943271556
	ECR after adding BlankRatio:		165.891214762
	ECR after adding HoverHintCount:		244.105384726
	ECR after adding SystemInfoHintCount:		261.768238996
	ECR after adding NextStepClickCountWE:		266.068204095
	ECR after adding PreviousStepClickCountWE:		261.51031332
	ECR after adding deletedApp:		251.84969297
	ECR after adding ruleScoreMP:		174.745592916
	ECR after adding ruleScoreDS:		184.402677816
	ECR after adding ruleScoreSIMP:		294.125619747
	ECR after adding ruleScoreMT:		189.327418939
	ECR after adding ruleScoreADD:		190.628488046
	ECR after adding ruleScoreCONJ:		251.945890182
	ECR after adding ruleScoreHS:		59.954799533
	ECR after adding ruleScoreCD:		190.545857611
	ECR after adding ruleScoreDN:		297.988784987
	ECR after adding ruleScoreDEM:		309.853504749
	ECR after adding ruleScoreIMPL:		366.226131086
	ECR after adding ruleScoreCONTRA:		235.337862457
	ECR after adding ruleScoreCOM:		259.643514465
	ECR after adding ruleScoreASSOC:		188.869615524
	ECR after adding ruleScoreDIST:		108.957255193
	ECR after adding ruleScoreABS:		268.460394381
	ECR after adding ruleScoreEXP:		240.527224999
	ECR after adding ruleScoreTAUT:		244.025825804
	ECR after adding cumul_Interaction:		141.181713602
	ECR after adding cumul_hintCount:		262.675729597
	ECR after adding cumul_TotalTime:		222.322060029
	ECR after adding cumul_TotalWETime:		159.796910738
	ECR after adding cumul_avgstepTime:		217.13904468
	ECR after adding cumul_avgstepTimeWE:		136.203864119
	ECR after adding cumul_avgstepTimePS:		208.913569069
	ECR after adding cumul_symbolicRepresentationCount:		258.352442614
	ECR after adding cumul_englishSymbolicSwitchCount:		260.541701144
	ECR after adding cumul_difficultProblemCountSolved:		40.5588778029
	ECR after adding cumul_difficultProblemCountWE:		167.487744483
	ECR after adding cumul_easyProblemCountSolved:		228.222055759
	ECR after adding cumul_easyProblemCountWE:		254.39958525
	ECR after adding cumul_probAlternate:		255.550795194
	ECR after adding cumul_easyProbAlternate:		255.550795194
	ECR after adding cumul_RuleTypesCount:		187.926459913
	ECR after adding cumul_UseCount:		260.943760027
	ECR after adding cumul_PrepCount:		260.597787856
	ECR after adding cumul_MorphCount:		243.930272591
	ECR after adding cumul_OptionalCount:		261.453814522
	ECR after adding cumul_probIndexinLevel:		43.6308395083
	ECR after adding cumul_InterfaceErrorCount:		248.095443168
	ECR after adding cumul_RightApp:		224.428153806
	ECR after adding cumul_WrongApp:		261.057951668
	ECR after adding cumul_WrongSemanticsApp:		260.988330134
	ECR after adding cumul_WrongSyntaxApp:		261.043583021
	ECR after adding cumul_PrightAppRatio:		253.464141211
	ECR after adding cumul_RrightAppRatio:		121.721347296
	ECR after adding cumul_F1Score:		266.001308046
	ECR after adding cumul_FDActionCount:		142.104435908
	ECR after adding cumul_BDActionCount:		261.829465375
	ECR after adding cumul_DirectProofActionCount:		145.053484991
	ECR after adding cumul_InDirectProofActionCount:		228.373360491
	ECR after adding cumul_actionCount:		141.977266965
	ECR after adding cumul_UseWindowInfo:		260.957125963
	ECR after adding cumul_NonPSelements:		260.523797533
	ECR after adding cumul_AppCount:		141.610659925
	ECR after adding cumul_AppRatio:		193.286024539
	ECR after adding cumul_hintRatio:		163.490654669
	ECR after adding cumul_BlankRatio:		193.219899339
	ECR after adding cumul_HoverHintCount:		248.96547217
	ECR after adding cumul_SystemInfoHintCount:		262.037788887
	ECR after adding cumul_NextStepClickCountWE:		277.578077793
	ECR after adding cumul_PreviousStepClickCountWE:		263.005654311
	ECR after adding cumul_deletedApp:		250.297772995
	ECR after adding CurrPro_NumProbRule:		42.5815866674
	ECR after adding CurrPro_avgProbTime:		51.9472294416
	ECR after adding CurrPro_avgProbTimePS:		55.4893954117
	ECR after adding CurrPro_avgProbTimeDeviationPS:		201.447128251
	ECR after adding CurrPro_avgProbTimeWE:		231.714390302
	ECR after adding CurrPro_avgProbTimeDeviationWE:		231.714390302
	ECR after adding CurrPro_medianProbTime:		48.8692065318
Selected Features: ruleScoreIMPL
current ECR: 366.226131086

************ selecting feature 6 ************
	ECR after adding Interaction:		307.031363044
	ECR after adding hintCount:		376.356128025
	ECR after adding TotalTime:		346.944228971
	ECR after adding TotalPSTime:		258.809812442
	ECR after adding TotalWETime:		360.512540562
	ECR after adding avgstepTime:		96.1453684238
	ECR after adding avgstepTimePS:		50.5995653997
	ECR after adding stepTimeDeviation:		171.590048217
	ECR after adding symbolicRepresentationCount:		216.872696861
	ECR after adding englishSymbolicSwitchCount:		318.669680282
	ECR after adding Level:		266.927080728
	ECR after adding probDiff:		266.953419309
	ECR after adding difficultProblemCountWE:		312.018892645
	ECR after adding easyProblemCountSolved:		363.33318479
	ECR after adding easyProblemCountWE:		361.874270849
	ECR after adding probAlternate:		354.989723146
	ECR after adding easyProbAlternate:		354.989723146
	ECR after adding RuleTypesCount:		144.26015117
	ECR after adding UseCount:		365.568103552
	ECR after adding PrepCount:		331.824147633
	ECR after adding MorphCount:		314.381512613
	ECR after adding OptionalCount:		366.34349995
	ECR after adding NewLevel:		197.015418173
	ECR after adding SolvedPSInLevel:		43.8015686814
	ECR after adding SeenWEinLevel:		362.077991603
	ECR after adding probIndexinLevel:		40.885300242
	ECR after adding probIndexPSinLevel:		42.2733332103
	ECR after adding InterfaceErrorCount:		315.244162766
	ECR after adding RightApp:		303.388328923
	ECR after adding WrongApp:		338.566962547
	ECR after adding WrongSemanticsApp:		362.511567119
	ECR after adding WrongSyntaxApp:		336.799825387
	ECR after adding PrightAppRatio:		340.105965278
	ECR after adding RrightAppRatio:		322.679347115
	ECR after adding FDActionCount:		309.501457072
	ECR after adding BDActionCount:		367.640583457
	ECR after adding DirectProofActionCount:		322.460190431
	ECR after adding InDirectProofActionCount:		339.198375458
	ECR after adding actionCount:		309.537258661
	ECR after adding UseWindowInfo:		363.066386105
	ECR after adding NonPSelements:		361.671885361
	ECR after adding AppCount:		310.560492029
	ECR after adding AppRatio:		231.322541908
	ECR after adding hintRatio:		267.468289734
	ECR after adding BlankRatio:		231.322541908
	ECR after adding HoverHintCount:		336.625804907
	ECR after adding SystemInfoHintCount:		365.573378
	ECR after adding NextStepClickCountWE:		366.287382804
	ECR after adding PreviousStepClickCountWE:		365.013169667
	ECR after adding deletedApp:		345.599443286
	ECR after adding ruleScoreMP:		227.81562125
	ECR after adding ruleScoreDS:		243.532990436
	ECR after adding ruleScoreSIMP:		393.156083557
	ECR after adding ruleScoreMT:		239.358371204
	ECR after adding ruleScoreADD:		224.511344059
	ECR after adding ruleScoreCONJ:		345.775360308
	ECR after adding ruleScoreHS:		61.5747728679
	ECR after adding ruleScoreCD:		256.125100801
	ECR after adding ruleScoreDN:		350.592443749
	ECR after adding ruleScoreDEM:		369.591151884
	ECR after adding ruleScoreCONTRA:		335.028061227
	ECR after adding ruleScoreCOM:		364.260707331
	ECR after adding ruleScoreASSOC:		296.063908061
	ECR after adding ruleScoreDIST:		144.406834595
	ECR after adding ruleScoreABS:		361.041299838
	ECR after adding ruleScoreEXP:		328.009833679
	ECR after adding ruleScoreTAUT:		349.068799251
	ECR after adding cumul_Interaction:		199.46658654
	ECR after adding cumul_hintCount:		364.860271237
	ECR after adding cumul_TotalTime:		279.07727822
	ECR after adding cumul_TotalWETime:		159.988874971
	ECR after adding cumul_avgstepTime:		282.336782072
	ECR after adding cumul_avgstepTimeWE:		191.834087858
	ECR after adding cumul_avgstepTimePS:		280.331926844
	ECR after adding cumul_symbolicRepresentationCount:		362.725978903
	ECR after adding cumul_englishSymbolicSwitchCount:		365.688088498
	ECR after adding cumul_difficultProblemCountSolved:		41.7307168297
	ECR after adding cumul_difficultProblemCountWE:		174.522042601
	ECR after adding cumul_easyProblemCountSolved:		328.726696543
	ECR after adding cumul_easyProblemCountWE:		357.370577609
	ECR after adding cumul_probAlternate:		354.989723146
	ECR after adding cumul_easyProbAlternate:		354.989723146
	ECR after adding cumul_RuleTypesCount:		265.058040488
	ECR after adding cumul_UseCount:		365.243958415
	ECR after adding cumul_PrepCount:		365.760251673
	ECR after adding cumul_MorphCount:		329.3538165
	ECR after adding cumul_OptionalCount:		366.617981425
	ECR after adding cumul_probIndexinLevel:		40.885300242
	ECR after adding cumul_InterfaceErrorCount:		337.447507144
	ECR after adding cumul_RightApp:		306.037687613
	ECR after adding cumul_WrongApp:		365.514338353
	ECR after adding cumul_WrongSemanticsApp:		367.190263762
	ECR after adding cumul_WrongSyntaxApp:		364.929771374
	ECR after adding cumul_PrightAppRatio:		323.844425339
	ECR after adding cumul_RrightAppRatio:		123.223878102
	ECR after adding cumul_F1Score:		368.152676219
	ECR after adding cumul_FDActionCount:		199.949434139
	ECR after adding cumul_BDActionCount:		367.649071312
	ECR after adding cumul_DirectProofActionCount:		204.892680208
	ECR after adding cumul_InDirectProofActionCount:		330.489753239
	ECR after adding cumul_actionCount:		199.668530295
	ECR after adding cumul_UseWindowInfo:		362.276850097
	ECR after adding cumul_NonPSelements:		367.640646805
	ECR after adding cumul_AppCount:		199.102365762
	ECR after adding cumul_AppRatio:		264.428700025
	ECR after adding cumul_hintRatio:		215.298784064
	ECR after adding cumul_BlankRatio:		264.294026788
	ECR after adding cumul_HoverHintCount:		335.730219093
	ECR after adding cumul_SystemInfoHintCount:		365.950092972
	ECR after adding cumul_NextStepClickCountWE:		377.898479162
	ECR after adding cumul_PreviousStepClickCountWE:		362.669220067
	ECR after adding cumul_deletedApp:		336.852664462
	ECR after adding CurrPro_NumProbRule:		48.2987798642
	ECR after adding CurrPro_avgProbTime:		53.1420378214
	ECR after adding CurrPro_avgProbTimePS:		59.5478603162
	ECR after adding CurrPro_avgProbTimeDeviationPS:		218.378688475
	ECR after adding CurrPro_avgProbTimeWE:		242.039745441
	ECR after adding CurrPro_avgProbTimeDeviationWE:		242.039745441
	ECR after adding CurrPro_medianProbTime:		53.0318824169
Selected Features: ruleScoreSIMP
current ECR: 393.156083557

************ selecting feature 7 ************
	ECR after adding Interaction:		307.70541309
	ECR after adding hintCount:		395.024804993
	ECR after adding TotalTime:		367.868232753
	ECR after adding TotalPSTime:		244.617039441
	ECR after adding TotalWETime:		388.184701768
	ECR after adding avgstepTime:		100.869370585
	ECR after adding avgstepTimePS:		54.7445319494
	ECR after adding stepTimeDeviation:		183.530044654
	ECR after adding symbolicRepresentationCount:		206.42195627
	ECR after adding englishSymbolicSwitchCount:		328.367007624
	ECR after adding Level:		258.186261409
	ECR after adding probDiff:		290.651419285
	ECR after adding difficultProblemCountWE:		319.23207096
	ECR after adding easyProblemCountSolved:		391.15389688
	ECR after adding easyProblemCountWE:		387.546221952
	ECR after adding probAlternate:		383.808002273
	ECR after adding easyProbAlternate:		383.808002273
	ECR after adding RuleTypesCount:		146.846414699
	ECR after adding UseCount:		393.50141706
	ECR after adding PrepCount:		341.088950675
	ECR after adding MorphCount:		320.934355516
	ECR after adding OptionalCount:		394.234514339
	ECR after adding NewLevel:		197.943833415
	ECR after adding SolvedPSInLevel:		47.7583888967
	ECR after adding SeenWEinLevel:		397.308027432
	ECR after adding probIndexinLevel:		37.5537581915
	ECR after adding probIndexPSinLevel:		46.008724818
	ECR after adding InterfaceErrorCount:		325.531559169
	ECR after adding RightApp:		315.562382744
	ECR after adding WrongApp:		348.691219215
	ECR after adding WrongSemanticsApp:		388.732170754
	ECR after adding WrongSyntaxApp:		347.123069513
	ECR after adding PrightAppRatio:		367.848676859
	ECR after adding RrightAppRatio:		322.903381547
	ECR after adding FDActionCount:		310.592287943
	ECR after adding BDActionCount:		393.768459096
	ECR after adding DirectProofActionCount:		319.446460334
	ECR after adding InDirectProofActionCount:		367.459336495
	ECR after adding actionCount:		310.649430486
	ECR after adding UseWindowInfo:		391.55698372
	ECR after adding NonPSelements:		390.011895908
	ECR after adding AppCount:		311.121817165
	ECR after adding AppRatio:		288.093963971
	ECR after adding hintRatio:		269.022723514
	ECR after adding BlankRatio:		288.093963971
	ECR after adding HoverHintCount:		342.867847998
	ECR after adding SystemInfoHintCount:		392.045186292
	ECR after adding NextStepClickCountWE:		393.257019658
	ECR after adding PreviousStepClickCountWE:		392.196124598
	ECR after adding deletedApp:		348.850190465
	ECR after adding ruleScoreMP:		221.747592418
	ECR after adding ruleScoreDS:		224.206426713
	ECR after adding ruleScoreMT:		232.56798859
	ECR after adding ruleScoreADD:		223.533710481
	ECR after adding ruleScoreCONJ:		356.065906189
	ECR after adding ruleScoreHS:		62.9935754421
	ECR after adding ruleScoreCD:		278.125664702
	ECR after adding ruleScoreDN:		285.815807352
	ECR after adding ruleScoreDEM:		368.888085654
	ECR after adding ruleScoreCONTRA:		366.2983423
	ECR after adding ruleScoreCOM:		389.219673531
	ECR after adding ruleScoreASSOC:		321.459201539
	ECR after adding ruleScoreDIST:		159.249150105
	ECR after adding ruleScoreABS:		389.677140992
	ECR after adding ruleScoreEXP:		351.898302635
	ECR after adding ruleScoreTAUT:		380.103633193
	ECR after adding cumul_Interaction:		198.794617332
	ECR after adding cumul_hintCount:		390.642671109
	ECR after adding cumul_TotalTime:		254.735569267
	ECR after adding cumul_TotalWETime:		164.617080075
	ECR after adding cumul_avgstepTime:		282.116714662
	ECR after adding cumul_avgstepTimeWE:		183.560138466
	ECR after adding cumul_avgstepTimePS:		280.404364509
	ECR after adding cumul_symbolicRepresentationCount:		388.420483096
	ECR after adding cumul_englishSymbolicSwitchCount:		392.4481692
	ECR after adding cumul_difficultProblemCountSolved:		44.7438686869
	ECR after adding cumul_difficultProblemCountWE:		173.030994917
	ECR after adding cumul_easyProblemCountSolved:		368.129243512
	ECR after adding cumul_easyProblemCountWE:		376.341597366
	ECR after adding cumul_probAlternate:		383.808002273
	ECR after adding cumul_easyProbAlternate:		383.808002273
	ECR after adding cumul_RuleTypesCount:		221.892692824
	ECR after adding cumul_UseCount:		391.905946992
	ECR after adding cumul_PrepCount:		391.690031127
	ECR after adding cumul_MorphCount:		335.395032156
	ECR after adding cumul_OptionalCount:		393.096651162
	ECR after adding cumul_probIndexinLevel:		37.5537581915
	ECR after adding cumul_InterfaceErrorCount:		347.424450965
	ECR after adding cumul_RightApp:		311.249936941
	ECR after adding cumul_WrongApp:		391.069435572
	ECR after adding cumul_WrongSemanticsApp:		392.041327078
	ECR after adding cumul_WrongSyntaxApp:		391.037226905
	ECR after adding cumul_PrightAppRatio:		331.546471032
	ECR after adding cumul_RrightAppRatio:		147.427004975
	ECR after adding cumul_F1Score:		376.974353056
	ECR after adding cumul_FDActionCount:		199.15076965
	ECR after adding cumul_BDActionCount:		393.467611136
	ECR after adding cumul_DirectProofActionCount:		203.312918116
	ECR after adding cumul_InDirectProofActionCount:		355.171113636
	ECR after adding cumul_actionCount:		198.754661625
	ECR after adding cumul_UseWindowInfo:		391.331888783
	ECR after adding cumul_NonPSelements:		391.966196425
	ECR after adding cumul_AppCount:		198.927144973
	ECR after adding cumul_AppRatio:		314.692706212
	ECR after adding cumul_hintRatio:		236.949721904
	ECR after adding cumul_BlankRatio:		314.091077798
	ECR after adding cumul_HoverHintCount:		342.50167061
	ECR after adding cumul_SystemInfoHintCount:		392.28990458
	ECR after adding cumul_NextStepClickCountWE:		406.531701132
	ECR after adding cumul_PreviousStepClickCountWE:		390.885239875
	ECR after adding cumul_deletedApp:		345.085121578
	ECR after adding CurrPro_NumProbRule:		55.675560427
	ECR after adding CurrPro_avgProbTime:		58.9598719867
	ECR after adding CurrPro_avgProbTimePS:		60.077921652
	ECR after adding CurrPro_avgProbTimeDeviationPS:		229.118513963
	ECR after adding CurrPro_avgProbTimeWE:		258.275704086
	ECR after adding CurrPro_avgProbTimeDeviationWE:		258.275704086
	ECR after adding CurrPro_medianProbTime:		53.0187047198
Selected Features: cumul_NextStepClickCountWE
current ECR: 406.531701132

************ selecting feature 8 ************
	ECR after adding Interaction:		317.685111249
	ECR after adding hintCount:		408.862121579
	ECR after adding TotalTime:		384.584556422
	ECR after adding TotalPSTime:		253.304628297
	ECR after adding TotalWETime:		399.502410075
	ECR after adding avgstepTime:		107.308528272
	ECR after adding avgstepTimePS:		55.4006499334
	ECR after adding stepTimeDeviation:		196.122857927
	ECR after adding symbolicRepresentationCount:		212.340970849
	ECR after adding englishSymbolicSwitchCount:		341.775328414
	ECR after adding Level:		239.543862689
	ECR after adding probDiff:		303.795400929
	ECR after adding difficultProblemCountWE:		328.495831093
	ECR after adding easyProblemCountSolved:		404.566074961
	ECR after adding easyProblemCountWE:		401.699920201
	ECR after adding probAlternate:		392.415632924
	ECR after adding easyProbAlternate:		392.415632924
	ECR after adding RuleTypesCount:		173.137850913
	ECR after adding UseCount:		406.566921166
	ECR after adding PrepCount:		354.130380753
	ECR after adding MorphCount:		334.308407293
	ECR after adding OptionalCount:		408.708916298
	ECR after adding NewLevel:		216.933740421
	ECR after adding SolvedPSInLevel:		46.0498209814
	ECR after adding SeenWEinLevel:		409.989749288
	ECR after adding probIndexinLevel:		38.6470556037
	ECR after adding probIndexPSinLevel:		46.2363632555
	ECR after adding InterfaceErrorCount:		338.739345034
	ECR after adding RightApp:		329.726990649
	ECR after adding WrongApp:		362.14810361
	ECR after adding WrongSemanticsApp:		402.613650931
	ECR after adding WrongSyntaxApp:		361.254395726
	ECR after adding PrightAppRatio:		381.963223409
	ECR after adding RrightAppRatio:		339.914748106
	ECR after adding FDActionCount:		321.086984314
	ECR after adding BDActionCount:		408.85346508
	ECR after adding DirectProofActionCount:		324.30974012
	ECR after adding InDirectProofActionCount:		379.729772939
	ECR after adding actionCount:		321.151777987
	ECR after adding UseWindowInfo:		404.934149866
	ECR after adding NonPSelements:		402.734274044
	ECR after adding AppCount:		321.680681612
	ECR after adding AppRatio:		289.297661838
	ECR after adding hintRatio:		276.609365602
	ECR after adding BlankRatio:		289.297661838
	ECR after adding HoverHintCount:		352.443385878
	ECR after adding SystemInfoHintCount:		405.286296105
	ECR after adding NextStepClickCountWE:		404.323803924
	ECR after adding PreviousStepClickCountWE:		405.486955714
	ECR after adding deletedApp:		363.849669528
	ECR after adding ruleScoreMP:		224.872817543
	ECR after adding ruleScoreDS:		234.41430264
	ECR after adding ruleScoreMT:		243.308882944
	ECR after adding ruleScoreADD:		233.258225783
	ECR after adding ruleScoreCONJ:		367.112150429
	ECR after adding ruleScoreHS:		64.1583176453
	ECR after adding ruleScoreCD:		289.590535558
	ECR after adding ruleScoreDN:		303.459071128
	ECR after adding ruleScoreDEM:		378.370600125
	ECR after adding ruleScoreCONTRA:		376.171586972
	ECR after adding ruleScoreCOM:		399.266993247
	ECR after adding ruleScoreASSOC:		330.546536623
	ECR after adding ruleScoreDIST:		166.515215658
	ECR after adding ruleScoreABS:		401.045587626
	ECR after adding ruleScoreEXP:		368.658685222
	ECR after adding ruleScoreTAUT:		395.685576588
	ECR after adding cumul_Interaction:		208.21288972
	ECR after adding cumul_hintCount:		403.884221488
	ECR after adding cumul_TotalTime:		267.512891401
	ECR after adding cumul_TotalWETime:		164.74847562
	ECR after adding cumul_avgstepTime:		293.970523331
	ECR after adding cumul_avgstepTimeWE:		201.68928306
	ECR after adding cumul_avgstepTimePS:		292.904402678
	ECR after adding cumul_symbolicRepresentationCount:		400.273177433
	ECR after adding cumul_englishSymbolicSwitchCount:		405.680037275
	ECR after adding cumul_difficultProblemCountSolved:		42.2137118333
	ECR after adding cumul_difficultProblemCountWE:		168.957648242
	ECR after adding cumul_easyProblemCountSolved:		380.533545299
	ECR after adding cumul_easyProblemCountWE:		390.208895984
	ECR after adding cumul_probAlternate:		392.415632924
	ECR after adding cumul_easyProbAlternate:		392.415632924
	ECR after adding cumul_RuleTypesCount:		238.385663198
	ECR after adding cumul_UseCount:		404.818501618
	ECR after adding cumul_PrepCount:		404.660088622
	ECR after adding cumul_MorphCount:		346.330298696
	ECR after adding cumul_OptionalCount:		406.314936471
	ECR after adding cumul_probIndexinLevel:		38.6470556037
	ECR after adding cumul_InterfaceErrorCount:		360.262311292
	ECR after adding cumul_RightApp:		318.644868994
	ECR after adding cumul_WrongApp:		404.041022827
	ECR after adding cumul_WrongSemanticsApp:		404.48793222
	ECR after adding cumul_WrongSyntaxApp:		403.241025717
	ECR after adding cumul_PrightAppRatio:		348.582931661
	ECR after adding cumul_RrightAppRatio:		149.807086585
	ECR after adding cumul_F1Score:		396.279286224
	ECR after adding cumul_FDActionCount:		208.24421706
	ECR after adding cumul_BDActionCount:		408.523062123
	ECR after adding cumul_DirectProofActionCount:		212.328553908
	ECR after adding cumul_InDirectProofActionCount:		363.067986281
	ECR after adding cumul_actionCount:		207.821845858
	ECR after adding cumul_UseWindowInfo:		404.071155668
	ECR after adding cumul_NonPSelements:		404.574764423
	ECR after adding cumul_AppCount:		207.990392051
	ECR after adding cumul_AppRatio:		330.174066718
	ECR after adding cumul_hintRatio:		239.961186222
	ECR after adding cumul_BlankRatio:		329.614140488
	ECR after adding cumul_HoverHintCount:		355.188361941
	ECR after adding cumul_SystemInfoHintCount:		405.241156749
	ECR after adding cumul_PreviousStepClickCountWE:		404.842126318
	ECR after adding cumul_deletedApp:		359.850678805
	ECR after adding CurrPro_NumProbRule:		58.4872124655
	ECR after adding CurrPro_avgProbTime:		58.7332459805
	ECR after adding CurrPro_avgProbTimePS:		59.4099993616
	ECR after adding CurrPro_avgProbTimeDeviationPS:		248.382140461
	ECR after adding CurrPro_avgProbTimeWE:		276.66471908
	ECR after adding CurrPro_avgProbTimeDeviationWE:		276.66471908
	ECR after adding CurrPro_medianProbTime:		56.8725615433
Selected Features: SeenWEinLevel
current ECR: 409.989749288

@@@@@@@@@@@ Selected Features @@@@@@@@@@@
['cumul_TotalPSTime', 'difficultProblemCountSolved', 'ruleScoreEQUIV', 'F1Score', 'ruleScoreIMPL', 'ruleScoreSIMP', 'cumul_NextStepClickCountWE', 'SeenWEinLevel']
