************ selecting feature: 1 ************
ECR value: 0.0
ECR value: 0.0
ECR value: 4.54204873696
ECR value: 3.32106535599
ECR value: 18.2009363044
ECR value: 0.0
ECR value: 0.0
ECR value: 0.0
ECR value: 0.0
ECR value: 0.0
ECR value: 19.2446073765
ECR value: 20.9388045474
ECR value: 16.1600244387
ECR value: 15.130132799
ECR value: 5.2036914116
ECR value: 0.0
ECR value: 2.65857401435
ECR value: 2.65857401435
ECR value: 6.47561255212
ECR value: 0.0
ECR value: 0.0212950671769
ECR value: 0.0140930300278
ECR value: 0.0
ECR value: 0.0
ECR value: 0.0
ECR value: 8.68168282555
ECR value: 16.329827726
ECR value: 11.0651671293
ECR value: 0.0
ECR value: 0.0895445358988
ECR value: 0.0
ECR value: 0.0
ECR value: 0.0
ECR value: 1.7313578866
ECR value: 0.0
ECR value: 4.07605604692
ECR value: 0.0
ECR value: 0.0
ECR value: 0.0
ECR value: 0.00540954025784
ECR value: 0.0
ECR value: 0.0
ECR value: 0.0
ECR value: 0.0
ECR value: 2.25609106719
ECR value: 0.351534716629
ECR value: 2.25609106719
ECR value: 0.0
ECR value: 0.0
ECR value: 3.74762630915
ECR value: 0.0212552190768
ECR value: 0.0
ECR value: 6.93160594951
ECR value: 7.6648381682
ECR value: 0.0
ECR value: 2.46046030669
ECR value: 0.0
ECR value: 0.0
ECR value: 5.44342143763
ECR value: 5.88859421687
ECR value: 0.0
ECR value: 0.0
ECR value: 6.48322907042
ECR value: 0.0
ECR value: 0.0
ECR value: 0.0
ECR value: 5.27706232089
ECR value: 4.63952113325
ECR value: 0.00642603749668
ECR value: 7.91935874842
ECR value: 0.0
ECR value: 3.08930222146
ECR value: 0.0
ECR value: 12.9716518742
ECR value: 12.8115157506
ECR value: 0.0
ECR value: 3.16494460322
ECR value: 6.78560662684
ECR value: 2.05564832284
ECR value: 0.0
ECR value: 0.0
ECR value: 0.502322827146
ECR value: 7.38448360815
ECR value: 9.30076122358
ECR value: 0.0
ECR value: 2.65857401435
ECR value: 2.65857401435
ECR value: 11.1625308485
ECR value: 0.0
ECR value: 0.0
ECR value: 0.0
pthread_cond_wait: Resource busy
ECR value: 0.0
ECR value: 16.329827726
ECR value: 0.0
ECR value: 0.0
ECR value: 0.0
ECR value: 0.0
ECR value: 0.0
ECR value: 6.29071782174
ECR value: 0.921953440058
ECR value: 7.80495874183
ECR value: 3.19285708221
ECR value: 0.0
ECR value: 2.89823343222
ECR value: 0.0
ECR value: 3.17364184047
ECR value: 0.0
ECR value: 0.0
ECR value: 2.53133064801
ECR value: 3.65465491748
ECR value: 1.64344746276
ECR value: 3.83830228164
ECR value: 0.0
ECR value: 0.0
ECR value: 0.0
ECR value: 0.0
ECR value: 0.0
ECR value: 11.2305058856
ECR value: 4.49639959684
ECR value: 3.89536475938
ECR value: 5.61066845606
ECR value: 17.163572402
ECR value: 17.163572402
ECR value: 6.19612615634
Selected Features: probDiff
current ECR: 20.9388045474

************ selecting feature: 2 ************
ECR value: 20.9156061164
ECR value: 21.0797195039
ECR value: 21.0223307973
ECR value: 21.3151525689
ECR value: 19.1523920244
ECR value: 23.3741801861
ECR value: 21.1673467538
ECR value: 20.0466525471
ECR value: 21.0209265534
ECR value: 20.9133172143
ECR value: 33.156092818
ECR value: 27.0688800202
ECR value: 21.9472426625
ECR value: 16.0506455756
ECR value: 18.3668152137
ECR value: 20.9937092064
ECR value: 20.9937092064
ECR value: 8.68786038402
ECR value: 20.9837582855
ECR value: 20.9656231144
ECR value: 21.0914114575
ECR value: 20.9038983237
ECR value: 18.5402422114
ECR value: 26.1639374808
ECR value: 8.34728845574
ECR value: 17.1519568901
ECR value: 16.1818894826
ECR value: 20.9240676148
ECR value: 21.4689272125
ECR value: 21.0019567391
ECR value: 20.9544172903
ECR value: 20.9880730074
ECR value: 20.8640687359
ECR value: 21.0385902008
ECR value: 21.7089402247
ECR value: 20.9064979253
ECR value: 20.9297241613
ECR value: 21.0277670278
ECR value: 21.044521336
ECR value: 20.9152445509
ECR value: 20.8961628053
ECR value: 21.0867856756
ECR value: 20.8537935929
ECR value: 13.6404667244
ECR value: 21.8186382522
ECR value: 13.6404667244
ECR value: 21.0358470915
ECR value: 20.9075273432
ECR value: 20.6571553802
ECR value: 21.3686723504
ECR value: 21.5962020462
ECR value: 18.5534697238
ECR value: 20.7713532894
ECR value: 21.4164397401
ECR value: 12.2227615692
ECR value: 20.9099757012
ECR value: 23.5577261482
ECR value: 12.0698031626
ECR value: 12.6198817278
ECR value: 22.7055280585
ECR value: 20.3282376751
ECR value: 13.8412484308
ECR value: 21.0932684553
ECR value: 20.3185549224
ECR value: 21.0489784569
ECR value: 11.5199864477
ECR value: 17.5117853185
ECR value: 21.0158781617
ECR value: 8.8438271065
ECR value: 21.3040742092
ECR value: 20.5792014824
ECR value: 21.048796083
ECR value: 19.2073776244
ECR value: 18.2174648723
ECR value: 28.4880791217
ECR value: 21.1067155163
ECR value: 31.7619845819
ECR value: 21.0313999005
ECR value: 20.9318959932
ECR value: 20.904277525
ECR value: 19.8498721766
ECR value: 23.0007701754
ECR value: 14.0314591167
ECR value: 21.0866579581
ECR value: 20.9937092064
ECR value: 20.9937092064
ECR value: 20.2153737392
ECR value: 20.9298409306
ECR value: 20.9153305046
ECR value: 20.9009483752
ECR value: 20.8581365053
ECR value: 17.1519568901
ECR value: 20.8212219183
ECR value: 20.8690760631
ECR value: 20.9332837867
ECR value: 20.838883271
ECR value: 20.9447093105
ECR value: 20.9447369365
ECR value: 23.7040956847
ECR value: 21.1480974723
ECR value: 20.6777171623
ECR value: 20.8635300253
ECR value: 20.6217486865
ECR value: 20.8182227048
ECR value: 20.683466197
ECR value: 20.8721517602
ECR value: 20.7015249827
ECR value: 20.6519971858
ECR value: 19.5900075998
ECR value: 20.3944391227
ECR value: 19.5900400259
ECR value: 20.9184504999
ECR value: 20.7881049787
ECR value: 22.4467742089
ECR value: 21.1087238887
ECR value: 20.8617829003
ECR value: 30.0188963763
ECR value: 25.3932471221
ECR value: 25.8846599382
ECR value: 20.6312941613
ECR value: 20.8275571899
ECR value: 20.8275571899
ECR value: 32.8446947534
Selected Features: Level
current ECR: 33.156092818

************ selecting feature: 3 ************
ECR value: 34.6005614398
ECR value: 33.3970857759
ECR value: 33.3288287705
ECR value: 37.3418364473
ECR value: 25.9649021285
ECR value: 34.3208049288
ECR value: 30.9303331827
ECR value: 32.6961035044
ECR value: 33.5530351534
ECR value: 33.2759811835
ECR value: 36.5183964156
ECR value: 32.5636285692
ECR value: 29.3394769517
ECR value: 31.2849135018
ECR value: 33.1743462165
ECR value: 33.1743462165
ECR value: 19.5375365606
ECR value: 33.5079963874
ECR value: 33.4926026835
ECR value: 33.6127227909
ECR value: 33.2832684594
ECR value: 30.471725278
ECR value: 44.1949532656
ECR value: 19.8732973199
ECR value: 23.7443470257
ECR value: 34.5408980928
ECR value: 33.5657875314
ECR value: 33.9271380359
ECR value: 33.7651023555
ECR value: 33.5854300031
ECR value: 33.5648244041
ECR value: 32.6837148631
ECR value: 33.3796990133
ECR value: 34.3290875839
ECR value: 34.4572221942
ECR value: 33.1661713271
ECR value: 34.8918878775
ECR value: 32.7553839894
ECR value: 34.501758387
ECR value: 32.7609579226
ECR value: 33.2194781786
ECR value: 34.4572508693
ECR value: 20.8295910918
ECR value: 34.2226032527
ECR value: 20.8295910918
ECR value: 33.8095098338
ECR value: 33.1065808849
ECR value: 32.8969871591
ECR value: 33.706478301
ECR value: 33.6633730193
ECR value: 30.1618433706
ECR value: 35.4178166606
ECR value: 33.0346314794
ECR value: 22.8221906104
ECR value: 29.6204786139
ECR value: 34.9170361287
ECR value: 21.4040785146
ECR value: 21.7582588485
ECR value: 35.867496671
ECR value: 34.5434262655
ECR value: 19.8310140858
ECR value: 33.9725606264
ECR value: 33.1421534524
ECR value: 33.1877272832
ECR value: 21.4623296666
ECR value: 26.2075579687
ECR value: 33.815389467
ECR value: 20.629657238
ECR value: 36.3638396113
ECR value: 33.6863554745
ECR value: 33.2601753149
ECR value: 33.6031794658
ECR value: 31.7452846182
ECR value: 36.1840235768
ECR value: 33.8131678467
ECR value: 38.7054890874
ECR value: 35.2610825139
ECR value: 33.2075404348
ECR value: 33.3796414042
ECR value: 26.4545536482
ECR value: 35.7749479482
ECR value: 27.7130383815
ECR value: 34.142638183
ECR value: 33.1743462165
ECR value: 33.1743462165
ECR value: 33.6241536608
ECR value: 33.4432323738
ECR value: 33.8314371041
ECR value: 33.4040586427
ECR value: 33.2507181138
ECR value: 23.7443470257
ECR value: 33.2797368677
ECR value: 33.2851794412
ECR value: 33.7300021358
ECR value: 33.6057600563
ECR value: 33.5598313738
ECR value: 34.3466504898
ECR value: 38.1668346809
ECR value: 34.4202208379
ECR value: 33.9645938348
ECR value: 33.0078293691
ECR value: 33.8455669449
ECR value: 32.9371719426
ECR value: 33.8814695773
ECR value: 32.7779045442
ECR value: 32.8129154142
ECR value: 33.958843759
ECR value: 35.9498281368
ECR value: 32.851603081
ECR value: 35.9498281368
ECR value: 33.3581010423
ECR value: 32.9837757135
pthread_cond_wait: Resource busy
ECR value: 38.3443275146
ECR value: 33.1921699621
ECR value: 33.1710075815
ECR value: 31.8248954278
ECR value: 33.3454532734
ECR value: 32.9565286386
ECR value: 30.6017014893
ECR value: 15.5935683293
ECR value: 15.5935683293
ECR value: 32.7601869841
Selected Features: SolvedPSInLevel
current ECR: 44.1949532656

************ selecting feature: 4 ************
ECR value: 46.9412198099
ECR value: 43.9636518087
ECR value: 41.8513724133
ECR value: 41.3643141587
ECR value: 33.8063268522
ECR value: 43.4920200779
ECR value: 38.3098729097
ECR value: 43.3175115543
ECR value: 44.5171738517
ECR value: 44.1815303043
ECR value: 39.55373332
ECR value: 36.0832894604
ECR value: 35.2875127642
ECR value: 40.3413803226
ECR value: 44.6585491897
ECR value: 44.6585491897
ECR value: 16.550374988
ECR value: 44.7792123978
ECR value: 44.6959732905
ECR value: 44.5681863951
ECR value: 44.4198068592
ECR value: 39.6187226938
ECR value: 17.0984127318
ECR value: 36.2748661278
ECR value: 30.8194032112
ECR value: 44.9342790068
ECR value: 44.1085474068
ECR value: 45.0800211354
ECR value: 44.8039135384
ECR value: 44.7668066398
ECR value: 45.077505868
ECR value: 43.9346156683
ECR value: 45.186838469
ECR value: 46.7625255976
ECR value: 44.2928348566
pthread_cond_wait: Resource busy
ECR value: 46.6058627569
ECR value: 43.7558401372
ECR value: 47.232025803
ECR value: 43.7385301906
ECR value: 44.0527629966
ECR value: 46.4277629236
ECR value: 24.1325137465
ECR value: 44.3809936576
ECR value: 24.1325137465
ECR value: 44.7901208386
ECR value: 44.1514202613
ECR value: 43.7017602667
ECR value: 44.1998803363
ECR value: 43.8807110982
ECR value: 34.720577274
ECR value: 40.7300918366
ECR value: 40.0126992118
ECR value: 25.4749079561
ECR value: 32.4487894235
ECR value: 44.5129244853
ECR value: 21.6633579204
ECR value: 22.6046550091
ECR value: 45.9322681909
ECR value: 42.9988446893
ECR value: 20.5558568192
ECR value: 44.8352749492
ECR value: 43.7526005329
ECR value: 44.2972275853
ECR value: 20.8330099569
ECR value: 27.6217256702
ECR value: 45.1241319869
ECR value: 20.9681377541
ECR value: 44.7437220845
ECR value: 45.5994233516
ECR value: 43.8879970104
ECR value: 40.8280799655
ECR value: 41.3685928237
ECR value: 44.4304963198
ECR value: 44.2582483337
ECR value: 48.4589726297
ECR value: 44.6959737801
ECR value: 44.1977189329
ECR value: 44.5173032733
ECR value: 36.6487501377
ECR value: 33.6212176502
ECR value: 38.2418308749
pthread_cond_wait: Resource busy
ECR value: 44.2404913006
ECR value: 44.6585491897
ECR value: 44.6585491897
ECR value: 39.5412854806
ECR value: 44.6901402608
ECR value: 45.2033695521
ECR value: 44.7212480491
ECR value: 44.4543970731
ECR value: 36.2748661278
ECR value: 44.6388897363
ECR value: 44.5226530592
ECR value: 44.9918173423
ECR value: 45.126136607
ECR value: 44.7947241921
ECR value: 47.551579185
ECR value: 44.7127004279
ECR value: 48.5927496799
ECR value: 46.0425199233
ECR value: 44.1157072313
ECR value: 45.8964038698
ECR value: 44.3336333003
ECR value: 45.9196071793
pthread_cond_wait: Resource busy
ECR value: 43.7924575657
ECR value: 43.9315195707
ECR value: 45.9435028398
ECR value: 44.4753408519
ECR value: 43.7001053035
ECR value: 44.4753408519
ECR value: 44.3880784265
ECR value: 44.0996389815
ECR value: 48.0212807266
ECR value: 44.1692259073
ECR value: 44.1616254477
ECR value: 39.1911225524
ECR value: 44.0095707313
ECR value: 39.871618946
ECR value: 41.2913091488
ECR value: 25.0829173887
ECR value: 25.0829173887
ECR value: 45.2224504962
Selected Features: cumul_F1Score
current ECR: 48.5927496799

************ selecting feature: 5 ************
ECR value: 49.9762298504
ECR value: 48.5101329938
ECR value: 46.2100225681
ECR value: 47.0021679952
ECR value: 37.9693834138
ECR value: 49.8131612496
ECR value: 45.0539162181
ECR value: 47.5563754967
ECR value: 49.4090308807
ECR value: 48.7086832832
ECR value: 45.9104594792
ECR value: 42.8492089521
ECR value: 39.4015789362
ECR value: 44.4053579662
ECR value: 49.309157505
ECR value: 49.309157505
ECR value: 23.9381503563
ECR value: 48.930777993
ECR value: 48.9982362836
ECR value: 48.2091952523
ECR value: 48.681206018
ECR value: 42.3710418664
ECR value: 26.7462515966
ECR value: 40.8795450581
ECR value: 40.2311413254
ECR value: 49.0378753666
ECR value: 48.1846204189
ECR value: 49.0675134239
pthread_cond_wait: Resource busy
ECR value: 48.7416759941
ECR value: 48.9415024651
ECR value: 48.5850684947
ECR value: 47.1970574211
ECR value: 48.7124226528
ECR value: 49.9323105446
ECR value: 48.6206404245
ECR value: 49.6974747864
ECR value: 48.3766396476
ECR value: 50.2974623987
ECR value: 47.9828848681
ECR value: 48.2973804083
ECR value: 50.0778577387
ECR value: 32.7235058446
ECR value: 49.0741694723
ECR value: 32.7235058446
ECR value: 48.8518833524
ECR value: 48.5235509681
ECR value: 48.8042515124
ECR value: 48.5750247986
ECR value: 47.9647636426
ECR value: 43.4057167938
ECR value: 46.4085049468
ECR value: 47.1416298317
ECR value: 33.3955004993
ECR value: 39.047395322
ECR value: 48.8344005641
ECR value: 32.3498728878
ECR value: 32.776271945
ECR value: 48.697190818
ECR value: 48.4982422807
ECR value: 31.0828814379
ECR value: 49.4729228626
ECR value: 48.1203426542
ECR value: 48.6251948114
ECR value: 31.5236917715
ECR value: 38.2958159663
ECR value: 49.8526759528
ECR value: 30.5931692506
ECR value: 49.1271680641
ECR value: 48.5886595764
ECR value: 48.3603079877
ECR value: 42.1003526692
ECR value: 44.4587007568
ECR value: 47.0510755497
ECR value: 50.0147009791
ECR value: 54.9570351005
ECR value: 49.8108174017
ECR value: 48.5810528917
ECR value: 48.7935338956
ECR value: 40.9463870026
ECR value: 36.5528852966
ECR value: 42.8615250282
ECR value: 48.5130355991
ECR value: 49.309157505
ECR value: 49.309157505
ECR value: 41.2789519238
ECR value: 48.864079117
ECR value: 49.2854640863
ECR value: 49.0027642629
ECR value: 48.6600696835
ECR value: 40.8795450581
ECR value: 48.6929658964
ECR value: 48.8238296849
ECR value: 49.0861351341
ECR value: 49.2114012728
ECR value: 48.9683793408
ECR value: 47.9439207579
ECR value: 48.0256606655
ECR value: 49.1072054997
ECR value: 48.5772930236
ECR value: 48.8444701652
ECR value: 49.7632721512
ECR value: 49.0285971616
ECR value: 48.1701638038
ECR value: 47.9640528888
ECR value: 49.2545880179
ECR value: 49.7941313244
ECR value: 50.4645707404
ECR value: 49.7941313244
ECR value: 48.570631255
ECR value: 48.5753524066
ECR value: 53.4522358302
ECR value: 48.4305843444
ECR value: 48.0708348886
ECR value: 40.6533339765
ECR value: 49.1999374544
ECR value: 43.2763355114
ECR value: 44.862121508
ECR value: 35.6771218995
ECR value: 35.6771218995
ECR value: 48.0776282332
Selected Features: cumul_avgstepTimeWE
current ECR: 54.9570351005

************ selecting feature: 6 ************
ECR value: 53.4739171469
ECR value: 54.5938627765
ECR value: 50.8929611302
ECR value: 47.583704686
ECR value: 43.7027066458
ECR value: 56.2870043983
ECR value: 52.5481215943
ECR value: 57.0231876361
ECR value: 54.4141584192
ECR value: 54.7746911565
ECR value: 54.164526324
ECR value: 47.3987257006
ECR value: 47.2336585185
ECR value: 51.1483952279
ECR value: 55.6071138421
ECR value: 55.6071138421
ECR value: 25.3578839738
ECR value: 55.312555096
ECR value: 55.426769888
ECR value: 53.8736494005
ECR value: 55.1222251301
ECR value: 43.0380597026
ECR value: 31.1768350838
ECR value: 43.249298799
ECR value: 45.6979190584
ECR value: 54.1441138346
ECR value: 53.7808094521
ECR value: 55.4011805072
ECR value: 54.9865909072
ECR value: 55.1242870319
ECR value: 52.3601975717
ECR value: 52.2792201517
ECR value: 52.2816828032
ECR value: 53.6563211968
ECR value: 55.0356778755
ECR value: 54.6449741433
ECR value: 53.2457297654
ECR value: 54.217925612
ECR value: 54.4232759182
ECR value: 54.7698364815
ECR value: 53.9054304748
ECR value: 37.3093984411
ECR value: 55.9308017445
ECR value: 37.3093984411
ECR value: 55.0472665382
ECR value: 54.8730991898
ECR value: 54.5055524376
ECR value: 54.9011911824
ECR value: 53.3981464111
ECR value: 45.6831987068
ECR value: 48.9323214781
ECR value: 51.5749730666
ECR value: 39.1169561893
ECR value: 45.7103782029
ECR value: 56.0083407762
ECR value: 37.8430158527
ECR value: 37.4123636621
ECR value: 56.9683225498
ECR value: 56.3838694368
ECR value: 34.3585311699
ECR value: 55.9907540864
ECR value: 54.2236452228
ECR value: 55.0235707308
ECR value: 33.2718647494
ECR value: 42.0532366752
ECR value: 55.2773999375
ECR value: 32.1571585847
ECR value: 55.5366274924
ECR value: 54.5654073028
ECR value: 54.958253135
ECR value: 46.5802171127
ECR value: 47.0934659963
ECR value: 103.103421198
ECR value: 60.1319315636
ECR value: 55.2014839477
ECR value: 55.214385946
ECR value: 55.2954210727
ECR value: 47.8897686486
ECR value: 37.0645155065
ECR value: 50.706643986
ECR value: 57.5160145853
ECR value: 55.6071138421
ECR value: 55.6071138421
ECR value: 45.3720285543
ECR value: 55.3672433229
ECR value: 55.7500888806
ECR value: 54.9988112055
ECR value: 55.2042112356
ECR value: 43.249298799
ECR value: 55.1194456677
ECR value: 54.811702208
ECR value: 55.6048857758
ECR value: 55.3599021923
ECR value: 55.4179813726
ECR value: 54.2230033385
pthread_cond_wait: Resource busy
ECR value: 54.0666188139
ECR value: 55.132256627
ECR value: 54.8718516722
ECR value: 55.5802355421
ECR value: 55.3092822624
ECR value: 55.0601820429
ECR value: 54.7122078529
ECR value: 54.0848167408
ECR value: 55.4352383015
ECR value: 65.2685073212
ECR value: 56.7069972742
ECR value: 65.2655845205
ECR value: 54.8842988458
ECR value: 54.8225061784
ECR value: 57.6330605975
ECR value: 54.9151704215
ECR value: 54.1670829998
ECR value: 42.4540641851
ECR value: 56.073232822
ECR value: 46.1752596823
ECR value: 46.9710994365
ECR value: 39.1777073784
ECR value: 39.1777073784
ECR value: 51.7263074887
Selected Features: cumul_TotalWETime
current ECR: 103.103421198

************ selecting feature: 7 ************
ECR value: 88.044446271
ECR value: 82.9213143629
ECR value: 79.0865593968
ECR value: 70.653307652
ECR value: 73.673110529
ECR value: 82.2717584214
ECR value: 110.854143547
ECR value: 96.1996399725
ECR value: 100.476131398
ECR value: 102.465451351
ECR value: 87.0693414024
ECR value: 77.472610256
ECR value: 103.71643798
ECR value: 103.499418284
ECR value: 102.636956246
ECR value: 102.636956246
ECR value: 42.9768006742
ECR value: 103.423884746
ECR value: 103.43402951
ECR value: 100.811675864
ECR value: 102.848807964
ECR value: 48.7874321751
ECR value: 66.9262980216
ECR value: 42.1940076015
ECR value: 92.1131419879
ECR value: 99.6127789932
ECR value: 99.7821208358
ECR value: 103.155225111
ECR value: 102.839568458
ECR value: 103.278175053
ECR value: 79.925025771
ECR value: 97.8996698319
ECR value: 76.3678307196
ECR value: 98.5767478696
ECR value: 103.068069926
ECR value: 100.067749106
ECR value: 100.388540677
ECR value: 98.6256276708
ECR value: 102.710215097
ECR value: 82.3982779412
ECR value: 99.4430298786
ECR value: 73.420849286
ECR value: 78.8540315612
ECR value: 73.420849286
ECR value: 91.3693259002
ECR value: 102.963008442
ECR value: 101.668008455
ECR value: 103.1081184
ECR value: 100.371774681
ECR value: 96.7114627369
ECR value: 73.943199725
ECR value: 70.6848349487
ECR value: 80.0589721214
ECR value: 67.7354998558
ECR value: 81.9234149243
ECR value: 61.6959561693
ECR value: 69.7068821917
ECR value: 103.289534955
ECR value: 92.1281022735
ECR value: 86.4473955054
ECR value: 102.952080254
ECR value: 103.392769732
ECR value: 103.125467305
ECR value: 63.4347363039
ECR value: 74.4605866205
ECR value: 97.4715571526
ECR value: 71.4249105416
ECR value: 99.387216759
ECR value: 103.621188038
ECR value: 81.868443989
ECR value: 80.4932533816
ECR value: 70.2367751546
ECR value: 84.800505717
ECR value: 78.96146371
ECR value: 103.249556293
ECR value: 102.677533508
ECR value: 85.7317426202
ECR value: 38.6959808953
ECR value: 104.069571423
ECR value: 106.328865554
ECR value: 102.636956246
ECR value: 102.636956246
ECR value: 63.1707971879
ECR value: 103.78902758
ECR value: 103.981769443
ECR value: 103.418739069
ECR value: 103.328441761
ECR value: 42.1940076015
ECR value: 103.459910825
ECR value: 103.214825552
ECR value: 103.961274627
ECR value: 103.495724789
ECR value: 103.833802283
ECR value: 78.4094664382
ECR value: 48.1688365862
ECR value: 103.48839167
ECR value: 103.022142527
ECR value: 108.196829327
ECR value: 102.777823704
ECR value: 103.327974727
ECR value: 102.854023942
ECR value: 102.287267853
ECR value: 103.768055145
ECR value: 45.1635660257
ECR value: 92.5615499822
ECR value: 45.1460776864
ECR value: 105.524625035
ECR value: 102.74084259
ECR value: 105.665125699
ECR value: 102.333604171
ECR value: 103.704459103
ECR value: 50.1824376512
ECR value: 105.124420234
ECR value: 66.5272644619
ECR value: 61.9904818964
ECR value: 81.9864297446
ECR value: 81.9864297446
ECR value: 97.388468793
Selected Features: avgstepTimePS
current ECR: 110.854143547

************ selecting feature: 8 ************
ECR value: 90.4935101526
ECR value: 85.0618357314
ECR value: 62.1879449791
ECR value: 64.9550398687
ECR value: 68.5162753883
ECR value: 84.2588851693
ECR value: 67.0008789364
ECR value: 103.629592261
ECR value: 110.320742219
ECR value: 73.5791696086
ECR value: 68.3556505896
ECR value: 110.294691963
ECR value: 110.606532779
ECR value: 109.817783123
ECR value: 109.817783123
ECR value: 38.4646728546
ECR value: 111.008206405
ECR value: 111.11488204
ECR value: 107.97374939
ECR value: 110.878322722
ECR value: 48.4813280057
ECR value: 57.5224158505
ECR value: 43.4716796127
ECR value: 79.6857655582
ECR value: 107.025685222
ECR value: 106.975639924
ECR value: 110.929504174
ECR value: 110.294712963
ECR value: 110.870403147
ECR value: 82.7768349887
ECR value: 105.4734339
ECR value: 76.9045693356
ECR value: 97.4073840218
ECR value: 110.813124476
ECR value: 101.066731512
ECR value: 107.943120151
ECR value: 97.4303955992
ECR value: 109.959861441
ECR value: 84.5505668467
ECR value: 99.7837781437
ECR value: 59.3504748963
ECR value: 93.69754519
ECR value: 59.3504748963
ECR value: 97.6270267457
ECR value: 110.608232059
ECR value: 111.175924953
ECR value: 110.807920995
ECR value: 107.629215007
ECR value: 93.780277217
ECR value: 67.2299264209
ECR value: 62.7130612158
ECR value: 58.4534446814
ECR value: 65.2234569409
ECR value: 80.8696496837
ECR value: 74.4437740843
ECR value: 61.0302841413
ECR value: 108.007520565
ECR value: 90.9529614316
ECR value: 72.0695260387
ECR value: 111.276747162
ECR value: 111.081583584
ECR value: 111.303044411
ECR value: 57.5154745854
ECR value: 64.2342033719
ECR value: 106.8629445
ECR value: 57.3926299965
ECR value: 107.386843773
ECR value: 113.019300199
ECR value: 77.8265562782
ECR value: 65.6140659856
ECR value: 61.4028115558
ECR value: 83.0905609915
ECR value: 78.0090455681
ECR value: 110.92291141
ECR value: 109.944932999
ECR value: 76.4134702593
ECR value: 37.4929090041
ECR value: 110.395316803
ECR value: 114.294403715
ECR value: 109.817783123
ECR value: 109.817783123
ECR value: 53.3489812616
ECR value: 112.489864667
ECR value: 112.529859705
ECR value: 113.043342516
ECR value: 112.364532669
ECR value: 43.4716796127
ECR value: 112.603022366
ECR value: 112.724840459
ECR value: 112.837754544
ECR value: 112.119884205
ECR value: 113.283554222
ECR value: 78.2667370693
ECR value: 42.8829298603
ECR value: 113.628757564
ECR value: 110.98586316
ECR value: 112.806211967
ECR value: 111.658912247
ECR value: 113.346807641
ECR value: 110.12613719
ECR value: 109.156115082
ECR value: 113.634724437
ECR value: 45.2678785768
ECR value: 92.3225354062
ECR value: 45.2551008429
ECR value: 101.562759146
ECR value: 110.346384652
ECR value: 112.315425249
ECR value: 110.655775643
ECR value: 111.344399642
ECR value: 45.0262710721
ECR value: 107.593034969
ECR value: 62.7243988993
ECR value: 59.5683920614
ECR value: 70.1086772485
ECR value: 70.1086772485
ECR value: 103.226023835
Selected Features: cumul_easyProblemCountWE
current ECR: 114.294403715

@@@@@@@@@@@ Selected Features @@@@@@@@@@@
['probDiff', 'Level', 'SolvedPSInLevel', 'cumul_F1Score', 'cumul_avgstepTimeWE', 'cumul_TotalWETime', 'avgstepTimePS', 'cumul_easyProblemCountWE']


************ Attempt to Remove from 8 features ************
ECR value: 80.037275448
ECR after removing 	[probDiff]:		80.037275448
ECR value: 56.5848560923
ECR after removing 	[Level]:		56.5848560923
ECR value: 77.7007242494
ECR after removing 	[SolvedPSInLevel]:		77.7007242494
ECR value: 105.151709332
ECR after removing 	[cumul_F1Score]:		105.151709332
ECR value: 49.7243961867
ECR after removing 	[cumul_avgstepTimeWE]:		49.7243961867
ECR value: 55.7492621677
ECR after removing 	[cumul_TotalWETime]:		55.7492621677
ECR value: 106.328865554
ECR after removing 	[avgstepTimePS]:		106.328865554
ECR value: 110.854143547
ECR after removing 	[cumul_easyProblemCountWE]:		110.854143547

choose to remove 	[cumul_easyProblemCountWE], the left ECR:	110.854143547


************ Attempt to Remove from 7 features ************
ECR value: 62.4272541134
ECR after removing 	[probDiff]:		62.4272541134
ECR value: 58.2198666328
ECR after removing 	[Level]:		58.2198666328
ECR value: 74.3013424225
ECR after removing 	[SolvedPSInLevel]:		74.3013424225
ECR value: 103.816252575
ECR after removing 	[cumul_F1Score]:		103.816252575
ECR value: 47.9766127286
ECR after removing 	[cumul_avgstepTimeWE]:		47.9766127286
ECR value: 52.5481215943
ECR after removing 	[cumul_TotalWETime]:		52.5481215943
ECR value: 103.103421198
ECR after removing 	[avgstepTimePS]:		103.103421198

choose to remove 	[cumul_F1Score], the left ECR:	103.81625


************ Attempt to Remove from 6 features ************
ECR value: 44.8449055831
ECR after removing 	[probDiff]:		44.8449055831
ECR value: 55.7956482487
ECR after removing 	[Level]:		55.7956482487
ECR value: 65.1703937288
ECR after removing 	[SolvedPSInLevel]:		65.1703937288
ECR value: 41.1985459823
ECR after removing 	[cumul_avgstepTimeWE]:		41.1985459823
ECR value: 44.4284367147
ECR after removing 	[cumul_TotalWETime]:		44.4284367147
ECR value: 104.702886999
ECR after removing 	[avgstepTimePS]:		104.702886999

choose to remove 	[avgstepTimePS], the left ECR:	104.702886999


************ selecting feature: 6 ************
ECR value: 97.9165485514
ECR value: 94.0175252538
ECR value: 73.8491893606
ECR value: 75.5982086949
ECR value: 71.3430439884
ECR value: 88.0754415954
ECR value: 103.816252575
ECR value: 109.343793756
ECR value: 102.276522651
ECR value: 104.221805241
ECR value: 86.0978716648
ECR value: 78.4135689775
ECR value: 102.886890324
ECR value: 102.433433779
ECR value: 106.882592314
ECR value: 106.882592314
ECR value: 63.4174165473
ECR value: 104.828815935
ECR value: 104.807129065
ECR value: 103.167938066
ECR value: 104.52664608
ECR value: 48.6738330998
ECR value: 63.408629423
ECR value: 48.7704725538
ECR value: 90.064490907
ECR value: 102.466296432
ECR value: 102.844142819
ECR value: 104.946329045
ECR value: 104.666188434
ECR value: 104.817241702
ECR value: 92.1658200571
ECR value: 100.089441285
ECR value: 82.919453537
ECR value: 103.029407309
ECR value: 104.751677514
ECR value: 103.941007794
ECR value: 100.869679681
ECR value: 103.110304873
ECR value: 104.400886197
ECR value: 93.8844539493
ECR value: 103.526299742
ECR value: 61.6959126538
ECR value: 85.9234000902
ECR value: 61.6959126538
ECR value: 99.1194055355
ECR value: 104.697004713
ECR value: 102.506316723
ECR value: 105.073199168
ECR value: 103.258442798
ECR value: 98.0054355059
ECR value: 74.242938718
ECR value: 73.0358208885
ECR value: 77.4445809665
ECR value: 70.9957142312
ECR value: 89.1238435056
ECR value: 65.0147876638
ECR value: 77.3838269906
ECR value: 105.707550721
ECR value: 92.29677317
ECR value: 81.7998881634
ECR value: 104.527868129
ECR value: 104.975669213
ECR value: 103.688726834
ECR value: 62.5421962669
ECR value: 80.5457365942
ECR value: 99.2978087568
ECR value: 61.1637745685
ECR value: 101.358949109
ECR value: 104.502550094
ECR value: 91.6233061137
ECR value: 74.9087458163
ECR value: 75.0208453349
ECR value: 88.4958845388
ECR value: 76.9904100165
ECR value: 105.062301968
ECR value: 104.849109738
ECR value: 81.3783218414
ECR value: 36.1933180345
ECR value: 103.61733256
ECR value: 105.829107201
ECR value: 106.882592314
ECR value: 106.882592314
ECR value: 89.1879256629
ECR value: 105.245299937
ECR value: 105.405151367
ECR value: 105.310186453
ECR value: 105.059074854
ECR value: 48.7704725538
ECR value: 105.760411729
ECR value: 104.763150489
ECR value: 105.527942178
ECR value: 104.695619985
ECR value: 105.249617562
ECR value: 89.2101464975
ECR value: 48.1809750497
ECR value: 103.103421198
ECR value: 105.087487991
ECR value: 104.475044233
ECR value: 104.981242707
ECR value: 102.808773384
ECR value: 104.898713838
ECR value: 104.288512184
ECR value: 104.407581251
ECR value: 105.195242771
ECR value: 48.2630710716
ECR value: 98.330939684
ECR value: 48.2513703128
ECR value: 104.003559908
ECR value: 104.108740844
ECR value: 106.442540402
ECR value: 104.224280247
ECR value: 105.323451965
ECR value: 51.4272809121
ECR value: 104.491773206
ECR value: 60.764150013
ECR value: 59.9046980786
ECR value: 87.596020209
ECR value: 87.596020209
ECR value: 96.1325790486
Selected Features: stepTimeDeviation
current ECR: 109.343793756

************ selecting feature: 7 ************
ECR value: 98.7657830689
ECR value: 77.6733340234
ECR value: 80.7786425284
ECR value: 64.9215494844
ECR value: 91.681928813
ECR value: 87.4466708504
ECR value: 82.8188173159
ECR value: 106.954312336
ECR value: 109.038109283
ECR value: 96.8179353136
ECR value: 99.2560742321
ECR value: 107.023616577
ECR value: 107.636725829
ECR value: 108.005935048
ECR value: 108.005935048
ECR value: 51.8843473848
ECR value: 109.089556621
ECR value: 109.680836641
ECR value: 107.744590448
ECR value: 109.350170588
ECR value: 53.2919427753
ECR value: 87.6944367955
ECR value: 46.8863870907
ECR value: 103.757355691
ECR value: 107.864946731
ECR value: 107.012126066
ECR value: 109.261948596
ECR value: 109.514422251
ECR value: 109.403177695
ECR value: 99.5927858152
ECR value: 104.655046133
ECR value: 83.628882648
ECR value: 104.915415819
ECR value: 109.591943087
ECR value: 106.677122374
ECR value: 105.392512354
ECR value: 104.954216564
ECR value: 109.222363321
ECR value: 77.8377185953
ECR value: 105.717877591
ECR value: 60.8261439298
ECR value: 74.8633641835
ECR value: 60.8261439298
ECR value: 102.340791902
ECR value: 109.292284121
ECR value: 111.969871056
ECR value: 110.082537546
ECR value: 107.534423812
ECR value: 82.5826383061
ECR value: 83.2330226575
ECR value: 109.499138196
ECR value: 70.3985662265
ECR value: 79.0290410215
ECR value: 97.0740174439
ECR value: 75.1647019864
ECR value: 86.0885347357
ECR value: 115.288592764
ECR value: 107.318592772
ECR value: 108.81605867
ECR value: 109.541844747
ECR value: 109.382781217
ECR value: 109.504572816
ECR value: 81.1325619687
ECR value: 89.6513971479
ECR value: 105.754823841
ECR value: 87.7965119576
ECR value: 106.638843625
ECR value: 108.824147031
ECR value: 76.3699294167
ECR value: 87.3925235426
ECR value: 78.046441292
ECR value: 105.642338425
ECR value: 91.6259869762
ECR value: 109.798563246
ECR value: 110.31622282
ECR value: 90.477754393
ECR value: 41.4473796531
ECR value: 109.102053405
ECR value: 109.723151839
ECR value: 108.005935048
ECR value: 108.005935048
ECR value: 71.3226915451
ECR value: 110.102351427
ECR value: 110.291159307
ECR value: 109.741698367
ECR value: 109.711606964
ECR value: 46.8863870907
ECR value: 110.892211306
ECR value: 109.394368218
ECR value: 110.778538118
ECR value: 109.723329126
ECR value: 110.753056167
ECR value: 91.3539893867
ECR value: 48.8133525184
ECR value: 96.1996399725
ECR value: 108.510090073
ECR value: 109.210778316
ECR value: 113.31813656
ECR value: 108.863365659
ECR value: 108.416994808
ECR value: 109.720224333
ECR value: 109.146558703
ECR value: 108.878248254
ECR value: 58.3885305353
ECR value: 87.7818656349
ECR value: 58.3825838754
ECR value: 107.827473504
ECR value: 109.442127081
ECR value: 110.546691024
ECR value: 109.71268885
ECR value: 109.294795815
ECR value: 48.909762388
ECR value: 107.808612717
ECR value: 62.4340250427
ECR value: 61.1121634158
ECR value: 91.9519032425
ECR value: 91.9519032425
ECR value: 103.399924083
Selected Features: ruleScoreDN
current ECR: 115.288592764

************ selecting feature: 8 ************
ECR value: 103.353313288
ECR value: 77.4697518234
ECR value: 78.8585548508
ECR value: 61.0615443624
ECR value: 92.4550190217
ECR value: 84.0688189839
ECR value: 78.3599751457
ECR value: 112.010557295
ECR value: 114.794401942
ECR value: 95.9085034322
ECR value: 99.1654667722
ECR value: 111.050336878
ECR value: 113.158765525
ECR value: 112.370444366
ECR value: 112.370444366
ECR value: 49.1109557419
ECR value: 114.957280285
ECR value: 115.774076389
ECR value: 114.122933985
ECR value: 115.397905831
ECR value: 53.3246382796
ECR value: 87.3772598532
ECR value: 46.5116921994
ECR value: 92.1185443817
ECR value: 113.915030102
ECR value: 113.602510618
ECR value: 115.524259286
ECR value: 115.407877972
ECR value: 115.598599272
ECR value: 101.770911498
ECR value: 110.899456077
ECR value: 86.4777493782
ECR value: 110.362778013
ECR value: 115.347290413
ECR value: 111.475524748
ECR value: 111.520615978
ECR value: 110.477063899
ECR value: 115.064783946
ECR value: 77.6114310237
ECR value: 111.347316503
ECR value: 57.8969307015
ECR value: 76.184832312
ECR value: 57.8969307015
ECR value: 107.469847503
ECR value: 115.306000817
ECR value: 119.284313421
ECR value: 115.656218485
ECR value: 113.566263881
ECR value: 78.0542674081
ECR value: 86.464138098
ECR value: 102.1207919
ECR value: 72.4121529187
ECR value: 83.8161839224
ECR value: 86.0226054894
ECR value: 70.2424876664
ECR value: 64.5236143217
ECR value: 102.563771966
ECR value: 105.181966539
ECR value: 115.287940447
ECR value: 115.355003436
ECR value: 114.917928138
ECR value: 82.5035724133
ECR value: 88.398307169
ECR value: 113.228012879
ECR value: 87.7706172362
ECR value: 110.800663719
ECR value: 114.67648949
ECR value: 75.8251817664
ECR value: 84.3543064602
ECR value: 76.8752682928
ECR value: 100.940338386
ECR value: 88.9339183782
ECR value: 115.339611863
ECR value: 116.150298337
ECR value: 90.2292153904
ECR value: 42.5893696195
ECR value: 112.327107833
ECR value: 113.36226817
ECR value: 112.370444366
ECR value: 112.370444366
ECR value: 69.3615820188
ECR value: 116.358267532
ECR value: 116.456637903
ECR value: 115.186801726
ECR value: 116.223732991
ECR value: 46.5116921994
ECR value: 115.470410214
ECR value: 114.374452284
ECR value: 116.878230397
ECR value: 115.787436385
ECR value: 116.937726822
ECR value: 94.0160031507
ECR value: 47.0702255036
ECR value: 136.410583032
ECR value: 113.980203239
ECR value: 115.352099651
ECR value: 118.604639738
ECR value: 114.040333953
ECR value: 113.648269547
ECR value: 115.356407878
ECR value: 114.431719397
ECR value: 114.136662746
ECR value: 58.5966331094
ECR value: 85.4116005414
ECR value: 58.5966331094
ECR value: 114.056329948
ECR value: 115.475428269
ECR value: 116.255657232
ECR value: 115.377242014
ECR value: 115.235714652
ECR value: 48.7454740406
ECR value: 112.761897678
ECR value: 61.2976599776
ECR value: 62.6212277974
ECR value: 89.9523906205
ECR value: 89.9523906205
ECR value: 108.260933558
Selected Features: cumul_F1Score
current ECR: 136.410583032

@@@@@@@@@@@ Selected Features @@@@@@@@@@@
['probDiff', 'Level', 'SolvedPSInLevel', 'cumul_avgstepTimeWE', 'cumul_TotalWETime', 'stepTimeDeviation', 'ruleScoreDN', 'cumul_F1Score']





************ Attempt to Remove the NO.1 feature: [probDiff] ************
ECR value: 62.9918416828
ECR value: 59.6933848067
ECR value: 51.4719520537
ECR value: 49.7055234672
ECR value: 60.1095477072
ECR value: 49.0124712282
ECR value: 51.3305239746
ECR value: 76.9994590653
ECR value: 77.5615550248
ECR value: 136.410583032
ECR value: 78.0556037111
ECR value: 57.2185017381
ECR value: 75.9604002531
ECR value: 80.9766827255
ECR value: 69.3868621183
ECR value: 69.3868621183
ECR value: 38.8710017758
ECR value: 80.1507613067
ECR value: 79.6668434326
ECR value: 78.3621917241
ECR value: 80.1987440378
ECR value: 55.5450872025
ECR value: 47.2672482036
ECR value: 36.349680623
ECR value: 60.8432133232
ECR value: 77.8607643215
ECR value: 78.5314084311
ECR value: 79.2177297975
ECR value: 77.42891816
ECR value: 79.9222314844
ECR value: 81.699106666
ECR value: 78.4322779667
ECR value: 52.2479635579
ECR value: 74.8398938871
ECR value: 78.1918990964
ECR value: 77.8206549323
ECR value: 73.6677184443
ECR value: 74.8168028775
ECR value: 77.7647119091
ECR value: 60.203253008
ECR value: 74.6995485908
ECR value: 48.0926345247
ECR value: 70.4077984849
ECR value: 48.0926345247
ECR value: 63.146692174
ECR value: 77.9487704816
ECR value: 80.7419452187
ECR value: 78.8934906434
ECR value: 79.6514186323
ECR value: 48.7047547449
ECR value: 56.9190215216
ECR value: 85.1062620158
ECR value: 45.1951072514
ECR value: 52.0749812771
ECR value: 53.7177368012
ECR value: 39.3090107519
ECR value: 69.243071879
ECR value: 75.5431405785
ECR value: 60.8918811542
ECR value: 82.2010703347
ECR value: 78.1515168315
ECR value: 81.095793667
ECR value: 44.8015185364
ECR value: 54.5985898917
ECR value: 75.546052021
ECR value: 41.701705912
ECR value: 75.851695575
ECR value: 77.9470463419
ECR value: 50.3644900299
ECR value: 55.3242966983
ECR value: 58.732152967
ECR value: 52.97245768
ECR value: 47.3728102838
ECR value: 78.0967732176
ECR value: 77.4558560989
ECR value: 70.3837102129
ECR value: 43.6687202327
ECR value: 123.80593059
ECR value: 96.6124988013
ECR value: 69.3868621183
ECR value: 69.3868621183
ECR value: 58.8802843163
ECR value: 79.8897787926
ECR value: 77.7524664563
ECR value: 71.2659390025
ECR value: 78.1040159379
ECR value: 36.349680623
ECR value: 71.9766519109
ECR value: 79.8019576483
ECR value: 80.1105173345
ECR value: 77.5700110285
ECR value: 79.6513233205
ECR value: 58.7220340987
ECR value: 42.1893069716
ECR value: 79.0994830154
ECR value: 80.3600257935
ECR value: 81.853000521
ECR value: 79.1248179153
ECR value: 79.1906924611
ECR value: 78.5040587472
ECR value: 78.3636607106
ECR value: 80.7267478314
ECR value: 40.8790819024
ECR value: 75.2676983427
ECR value: 40.8904751268
ECR value: 74.1669675165
ECR value: 78.2391657065
ECR value: 80.2404299613
ECR value: 78.9164465615
ECR value: 79.5349733813
ECR value: 40.2462888331
ECR value: 76.5434585709
ECR value: 49.5477138387
ECR value: 58.8003152328
ECR value: 55.079300617
ECR value: 55.079300617
ECR value: 76.3789841737
The highest ECR after removing No.0 feature: 136.410583032
==== Cannot find a better feature to replace the No.0 feature

************ Attempt to Remove the NO.2 feature: [Level] ************
ECR value: 52.7590293721
ECR value: 51.7611459535
ECR value: 65.0279700636
ECR value: 54.0280848537
ECR value: 44.3837018285
ECR value: 56.0780931172
ECR value: 55.0322106466
ECR value: 51.6499540357
ECR value: 53.2448206105
ECR value: 136.410583032
ECR value: 70.134104983
ECR value: 56.7846236357
ECR value: 49.110077134
ECR value: 51.2735351193
ECR value: 52.6844009342
ECR value: 52.6844009342
ECR value: 47.5473443921
ECR value: 53.4990045595
ECR value: 53.5502241912
ECR value: 53.1862860624
ECR value: 53.3441386398
ECR value: 41.9215363422
ECR value: 51.6380459123
ECR value: 28.0657565824
ECR value: 74.7711780069
ECR value: 52.6046611384
ECR value: 53.2681719479
ECR value: 53.5002139072
ECR value: 53.5271817341
ECR value: 53.4263938479
ECR value: 49.8714412216
ECR value: 52.6977273867
ECR value: 49.1808928424
ECR value: 52.9320671033
ECR value: 53.3087634763
ECR value: 53.151475238
ECR value: 52.5294338285
ECR value: 52.9300549303
ECR value: 53.266125502
ECR value: 51.379751271
ECR value: 52.9896967902
ECR value: 62.7386861667
ECR value: 55.3875130963
ECR value: 62.7386861667
ECR value: 53.5727635371
ECR value: 53.2403037602
ECR value: 52.018136146
ECR value: 53.5881476284
ECR value: 53.2722542745
ECR value: 58.7628784491
ECR value: 67.1262522496
ECR value: 57.221652815
ECR value: 89.3342513537
ECR value: 77.856009132
ECR value: 55.8713209363
ECR value: 58.5043080211
ECR value: 74.3789892708
ECR value: 49.4753012005
ECR value: 73.6226931634
ECR value: 53.0433567552
ECR value: 54.771096943
ECR value: 53.0860750335
ECR value: 54.1088282872
ECR value: 59.8511132238
ECR value: 51.4680953067
ECR value: 52.5601678437
ECR value: 52.2199376339
ECR value: 53.1004218869
ECR value: 50.6849145527
ECR value: 56.8551612301
ECR value: 59.2073379798
ECR value: 56.7628545724
ECR value: 58.7693995345
ECR value: 53.3378934228
ECR value: 53.4215429504
ECR value: 70.7740363816
ECR value: 26.0435673516
ECR value: 49.8745293882
ECR value: 52.8949694082
ECR value: 52.6844009342
ECR value: 52.6844009342
ECR value: 55.1176613492
ECR value: 53.5404927778
ECR value: 53.7405407952
ECR value: 53.172064767
ECR value: 53.3587494851
ECR value: 28.0657565824
ECR value: 53.3156232495
ECR value: 52.840223646
ECR value: 53.4574046834
ECR value: 53.5768383305
ECR value: 53.6408539757
ECR value: 55.2651654042
ECR value: 34.2758186635
ECR value: 52.5181409034
ECR value: 55.9921914863
ECR value: 58.5309026528
ECR value: 53.4239677897
ECR value: 52.4817850965
ECR value: 53.8656358589
ECR value: 52.5103695192
ECR value: 52.709247921
ECR value: 35.4748922081
ECR value: 60.1347130235
ECR value: 35.4841581922
ECR value: 52.6890887715
ECR value: 53.9270302194
ECR value: 55.9413345568
ECR value: 54.4871299661
ECR value: 53.3418617222
ECR value: 75.3832021119
ECR value: 76.8609685198
ECR value: 71.9641612627
ECR value: 54.7655662345
ECR value: 52.2811907994
ECR value: 52.2811907994
ECR value: 77.6357412339
The highest ECR after removing No.1 feature: 136.410583032
==== Cannot find a better feature to replace the No.1 feature

************ Attempt to Remove the NO.3 feature: [SolvedPSInLevel] ************
ECR value: 68.1821905347
ECR value: 151.55573899
ECR value: 160.856393599
ECR value: 146.672746182
ECR value: 105.329129222
ECR value: 69.9995045318
ECR value: 72.6355033761
ECR value: 76.0826658612
ECR value: 76.6399622057
ECR value: 93.83376811
ECR value: 89.1245084416
ECR value: 81.2041407435
ECR value: 80.9124364618
ECR value: 74.5659163205
ECR value: 74.5659163205
ECR value: 47.1647812692
ECR value: 77.1734732971
ECR value: 77.2794696242
ECR value: 76.2002703457
ECR value: 77.0096184668
ECR value: 61.9806346291
ECR value: 136.410583032
ECR value: 92.1000563839
ECR value: 53.4773718541
ECR value: 63.9571797798
ECR value: 75.5745269466
ECR value: 75.2760949176
ECR value: 77.3744258997
ECR value: 76.9467992251
ECR value: 77.2386287647
ECR value: 92.1754267434
ECR value: 74.2311456695
ECR value: 66.2089333964
ECR value: 70.994161603
ECR value: 76.5005741277
ECR value: 72.1882783859
ECR value: 75.045470464
ECR value: 70.8357712625
ECR value: 76.1707544107
ECR value: 149.790932265
ECR value: 70.8549480348
ECR value: 77.5439232303
ECR value: 160.806137962
ECR value: 77.5439232303
ECR value: 71.0021335788
ECR value: 76.8190491958
ECR value: 78.2490758611
ECR value: 77.264848017
ECR value: 75.2690689043
ECR value: 73.577581614
ECR value: 70.8600037763
ECR value: 116.963919154
ECR value: 73.6757240452
ECR value: 149.001506428
ECR value: 79.8713852325
ECR value: 80.0593974854
ECR value: 72.3356660523
ECR value: 73.9557434191
ECR value: 129.089967808
ECR value: 77.155729253
ECR value: 76.8699147684
ECR value: 77.0594250877
ECR value: 83.0157089923
ECR value: 78.136440769
ECR value: 90.657019581
ECR value: 88.5723956481
ECR value: 88.571926489
ECR value: 80.253749938
ECR value: 67.2256991766
ECR value: 82.7646742175
ECR value: 96.5042221041
ECR value: 70.6775845404
ECR value: 71.5891971581
ECR value: 76.7111677638
ECR value: 76.4313811339
ECR value: 72.224138421
ECR value: 49.7445214052
ECR value: 72.4743815256
ECR value: 82.5299311008
ECR value: 74.5659163205
ECR value: 74.5659163205
ECR value: 144.392769619
ECR value: 76.9505033994
ECR value: 78.7334244643
ECR value: 76.9663872619
ECR value: 77.2542911747
ECR value: 53.4773718541
ECR value: 77.9775502061
ECR value: 77.2079787868
ECR value: 77.1713950737
ECR value: 77.885382289
ECR value: 77.0980935393
ECR value: 71.6742456767
ECR value: 56.8288119837
ECR value: 79.7697574321
ECR value: 78.8942247102
ECR value: 81.3013893708
ECR value: 76.0113565805
ECR value: 79.7512612745
ECR value: 76.5594557115
ECR value: 76.5736411371
ECR value: 80.7605826303
ECR value: 56.0995590411
ECR value: 74.5990245344
ECR value: 56.0999425651
ECR value: 76.655502244
ECR value: 76.7965186593
ECR value: 85.0417779957
ECR value: 75.636859228
ECR value: 77.3692163745
ECR value: 56.7301727264
ECR value: 73.7818524888
ECR value: 62.3982814133
ECR value: 71.7123618699
ECR value: 66.2100841778
ECR value: 66.2100841778
ECR value: 75.660951551
The highest ECR after removing No.2 feature: 160.856393599
---- Replace [SolvedPSInLevel] with [TotalTime] ----
---- ECR gets improved from 136.410583032 to 160.856393599

************ Attempt to Remove the NO.4 feature: [cumul_avgstepTimeWE] ************
ECR value: 47.5264135931
ECR value: 46.9078643394
ECR value: 47.8264569631
ECR value: 48.0092401783
ECR value: 51.404854877
ECR value: 44.9332999226
ECR value: 46.4089924919
ECR value: 46.6805263192
ECR value: 48.1425762491
ECR value: 44.7933171788
ECR value: 45.9450690553
ECR value: 47.3659086216
ECR value: 46.7907404577
ECR value: 46.7907404577
ECR value: 43.4836021329
ECR value: 46.6710279742
ECR value: 46.7766137822
ECR value: 46.5204018694
ECR value: 46.6288076823
ECR value: 44.5671229548
ECR value: 50.5574148756
ECR value: 40.4530476047
ECR value: 36.5035811796
ECR value: 46.4694326507
ECR value: 47.0083078042
ECR value: 46.78690033
ECR value: 46.9501148749
ECR value: 46.985841437
ECR value: 46.4743655587
ECR value: 47.1032832678
ECR value: 46.4545767267
ECR value: 46.2125748499
ECR value: 47.9258820366
ECR value: 46.610805701
ECR value: 47.3527964164
ECR value: 47.2474068405
ECR value: 47.8129356878
ECR value: 46.5284535662
ECR value: 46.6469972572
ECR value: 47.7216226203
ECR value: 44.4809039264
ECR value: 48.2480666284
ECR value: 44.4809039264
ECR value: 46.3529245334
ECR value: 46.6069974247
ECR value: 46.7448772039
ECR value: 47.0582196988
ECR value: 46.788041052
ECR value: 51.8783433219
ECR value: 45.2837979104
ECR value: 49.4992295478
ECR value: 43.0597533632
ECR value: 45.1328926638
ECR value: 47.933802522
ECR value: 52.8129612284
ECR value: 44.5854303742
ECR value: 47.2820823517
ECR value: 50.3355899174
ECR value: 46.8479733153
ECR value: 46.679476298
ECR value: 46.8492974081
ECR value: 48.2148314538
ECR value: 49.7252676023
ECR value: 47.9280200709
ECR value: 41.3138061609
ECR value: 51.9375860599
ECR value: 54.8272125245
ECR value: 45.8991227035
ECR value: 49.5659180582
ECR value: 50.3956264461
ECR value: 50.6530706258
ECR value: 160.856393599
ECR value: 50.6884116723
ECR value: 46.6860067709
ECR value: 46.5670690692
ECR value: 39.586511085
ECR value: 42.21575774
ECR value: 44.0410656222
ECR value: 51.6346031688
ECR value: 46.7907404577
ECR value: 46.7907404577
ECR value: 56.164387967
ECR value: 46.8928428152
ECR value: 46.7436290283
ECR value: 46.5366160599
ECR value: 46.496531331
ECR value: 36.5035811796
ECR value: 46.6448461271
ECR value: 46.7003999041
ECR value: 46.5025097212
ECR value: 47.0852262684
ECR value: 46.6428555317
ECR value: 47.747410044
ECR value: 52.2279739496
ECR value: 55.5801278737
ECR value: 48.4937400871
ECR value: 66.0136311533
ECR value: 47.5001526787
ECR value: 55.3217236641
ECR value: 46.2978023891
ECR value: 46.6131707826
ECR value: 55.6415450482
ECR value: 46.0739268536
ECR value: 53.2901367082
ECR value: 46.0739268536
ECR value: 50.0171043011
ECR value: 46.6011034842
ECR value: 53.5703766265
ECR value: 46.4795770658
ECR value: 46.5398633337
ECR value: 44.2072698725
ECR value: 47.9158998922
ECR value: 46.4766179435
ECR value: 44.6546272545
ECR value: 39.1655985795
ECR value: 39.1655985795
ECR value: 46.0646008017
The highest ECR after removing No.3 feature: 160.856393599
==== Cannot find a better feature to replace the No.3 feature

************ Attempt to Remove the NO.5 feature: [cumul_TotalWETime] ************
ECR value: 45.162312174
ECR value: 44.121216548
ECR value: 47.5481007624
ECR value: 45.8545975061
ECR value: 47.2288306161
ECR value: 43.0663086982
ECR value: 44.4550836912
ECR value: 44.2253903034
ECR value: 52.1843807721
ECR value: 45.5471142313
ECR value: 42.7860436906
ECR value: 44.0903851679
ECR value: 44.4958663673
ECR value: 44.4958663673
ECR value: 36.8361553268
ECR value: 44.0226471587
ECR value: 44.0091478993
ECR value: 44.1600753583
ECR value: 44.0033378224
ECR value: 41.6879369864
ECR value: 51.9205520391
ECR value: 35.1829560049
ECR value: 34.6155421763
ECR value: 44.8300922819
ECR value: 44.4745258045
ECR value: 44.3337264928
ECR value: 44.5250719007
ECR value: 44.2165793985
ECR value: 43.93628068
ECR value: 43.6242825491
ECR value: 43.3472301655
ECR value: 43.8823782102
ECR value: 45.0811126223
ECR value: 44.1391746155
ECR value: 45.4263837888
ECR value: 43.8991315183
ECR value: 44.8939645689
ECR value: 43.7402348959
ECR value: 43.7432279818
ECR value: 45.1541022821
ECR value: 37.5543523018
ECR value: 45.3600274822
ECR value: 37.5543523018
ECR value: 44.8531015304
ECR value: 44.0163288889
ECR value: 44.9813357998
ECR value: 44.372397238
ECR value: 43.996742495
ECR value: 39.8451622271
ECR value: 45.1446349015
ECR value: 47.3021475999
ECR value: 37.013206424
ECR value: 38.4503847135
ECR value: 46.755583325
ECR value: 37.6111063731
ECR value: 40.8618067335
ECR value: 47.1298263746
ECR value: 36.7819024171
ECR value: 45.0967942067
ECR value: 44.2324375509
ECR value: 44.3755900169
ECR value: 38.9531749657
ECR value: 42.1605309505
ECR value: 45.7122167902
ECR value: 35.9441755797
ECR value: 46.2926102059
ECR value: 51.3445024093
ECR value: 44.4968441545
ECR value: 50.3028646202
ECR value: 50.6865419421
ECR value: 160.856393599
ECR value: 51.2868840741
ECR value: 48.9759466851
ECR value: 44.2459629927
ECR value: 44.1410781577
ECR value: 40.2232700164
ECR value: 42.7659878932
ECR value: 40.8203050715
ECR value: 50.3678356486
ECR value: 44.4958663673
ECR value: 44.4958663673
ECR value: 54.1384407274
ECR value: 44.2452332917
ECR value: 44.3926305553
ECR value: 43.8162723884
ECR value: 43.9326190993
ECR value: 34.6155421763
ECR value: 43.8473026996
ECR value: 44.574864319
ECR value: 44.1320953938
ECR value: 44.3340959567
ECR value: 44.2092821549
ECR value: 44.4209353354
ECR value: 52.7007337682
ECR value: 50.3725350094
ECR value: 44.0618841307
ECR value: 49.7899541461
ECR value: 44.0962765819
ECR value: 50.3080847258
ECR value: 43.73702392
ECR value: 43.4881454973
ECR value: 50.372548387
ECR value: 45.5392019006
ECR value: 48.127641497
ECR value: 45.5392019006
ECR value: 54.2350055413
ECR value: 44.367455672
ECR value: 52.4538007452
ECR value: 43.1873605132
ECR value: 44.0234435968
ECR value: 42.7918485235
ECR value: 45.6154867044
ECR value: 45.9920670061
ECR value: 40.9792632665
ECR value: 32.8251218046
ECR value: 32.8251218046
ECR value: 41.378707088
The highest ECR after removing No.4 feature: 160.856393599
==== Cannot find a better feature to replace the No.4 feature

************ Attempt to Remove the NO.6 feature: [stepTimeDeviation] ************
ECR value: 70.2699270391
ECR value: 60.1860534792
ECR value: 76.521227687
ECR value: 75.6928384538
ECR value: 77.768209846
ECR value: 80.3390662177
ECR value: 160.856393599
ECR value: 79.901213911
ECR value: 82.142272429
ECR value: 72.6330617124
ECR value: 82.171752193
ECR value: 82.1690569363
ECR value: 83.4018216755
ECR value: 83.1112247489
ECR value: 83.1112247489
ECR value: 43.878489401
ECR value: 82.1339187425
ECR value: 82.4533612414
ECR value: 80.3485062741
ECR value: 82.1992244959
ECR value: 51.3873086029
ECR value: 80.9936708416
ECR value: 72.0549048464
ECR value: 43.3120928295
ECR value: 69.7259690723
ECR value: 80.6353422162
ECR value: 79.7622188976
ECR value: 81.8357694417
ECR value: 82.0979494364
ECR value: 82.1932088819
ECR value: 63.1298557149
ECR value: 79.0888998817
ECR value: 61.1880520636
ECR value: 79.6452720498
ECR value: 82.5894618747
ECR value: 80.2089710191
ECR value: 80.9602212575
ECR value: 79.6007678351
ECR value: 82.3439770681
ECR value: 59.1954052302
ECR value: 79.4626119633
ECR value: 56.3494037474
ECR value: 63.9273685011
ECR value: 56.3494037474
ECR value: 72.0718588049
ECR value: 82.6173432237
ECR value: 80.2848781102
ECR value: 82.5183343361
ECR value: 80.1155015112
ECR value: 94.5737055451
ECR value: 93.535152261
ECR value: 67.422641485
ECR value: 68.0411174741
ECR value: 80.3054209982
ECR value: 78.476785387
ECR value: 54.2191608826
ECR value: 102.101777059
ECR value: 73.1675608648
ECR value: 59.03357088
ECR value: 81.9076098632
ECR value: 82.6444730052
ECR value: 82.5314165974
ECR value: 63.7351417556
ECR value: 68.9094897093
ECR value: 91.3200015635
ECR value: 126.844969453
ECR value: 89.3473463422
ECR value: 84.3571256908
ECR value: 59.2388851536
ECR value: 111.90211455
ECR value: 193.165540492
ECR value: 95.4677046577
ECR value: 119.371668282
ECR value: 82.7091515665
ECR value: 82.1213340132
ECR value: 58.7572674129
ECR value: 41.9604241119
ECR value: 83.8473938767
ECR value: 84.3623464112
ECR value: 83.1112247489
ECR value: 83.1112247489
ECR value: 87.1966142004
ECR value: 82.8990642102
ECR value: 83.1486054633
ECR value: 82.4136827145
ECR value: 82.7594276936
ECR value: 43.3120928295
ECR value: 82.333790325
ECR value: 82.7455028743
ECR value: 82.6051936721
ECR value: 82.7173649075
ECR value: 82.7751015275
ECR value: 100.964331759
ECR value: 59.1189915153
ECR value: 84.7468337796
ECR value: 85.1245335373
ECR value: 86.7448150265
ECR value: 81.2000619317
ECR value: 84.545521696
ECR value: 81.8714216173
ECR value: 82.4750675839
ECR value: 84.4330878236
ECR value: 56.1334008946
ECR value: 80.6718111302
ECR value: 56.141698349
ECR value: 92.998801719
ECR value: 82.6781714239
ECR value: 86.8212595681
ECR value: 81.8851232394
ECR value: 82.0991013495
ECR value: 50.4458047781
ECR value: 96.1266528416
ECR value: 69.4131819311
ECR value: 66.5082025338
ECR value: 79.5386484312
ECR value: 79.5386484312
ECR value: 74.9919033969
The highest ECR after removing No.5 feature: 193.165540492
---- Replace [stepTimeDeviation] with [cumul_TotalPSTime] ----
---- ECR gets improved from 160.856393599 to 193.165540492

************ Attempt to Remove the NO.7 feature: [ruleScoreDN] ************
ECR value: 88.5208467336
ECR value: 103.106563931
ECR value: 63.7704538354
ECR value: 114.008924617
ECR value: 186.76264864
ECR value: 119.362216591
ECR value: 212.405756468
ECR value: 61.116391425
ECR value: 112.320211109
ECR value: 100.088044025
ECR value: 121.734143028
ECR value: 111.75640919
ECR value: 112.515333262
ECR value: 111.654050785
ECR value: 111.654050785
ECR value: 68.374909915
ECR value: 109.192633485
ECR value: 109.860462719
ECR value: 99.2100692844
ECR value: 110.385311763
ECR value: 55.767493603
ECR value: 62.6245348927
ECR value: 113.504007232
ECR value: 38.7689137759
ECR value: 60.1718445971
ECR value: 103.166157599
ECR value: 97.761071002
ECR value: 108.917139498
ECR value: 107.708339425
ECR value: 110.081228651
ECR value: 103.789356524
ECR value: 95.5329147523
ECR value: 103.422350541
ECR value: 94.7024894683
ECR value: 112.324460125
ECR value: 99.6423953807
ECR value: 104.587473284
ECR value: 94.6675385239
ECR value: 111.632603412
ECR value: 101.752894636
ECR value: 94.9350234419
ECR value: 82.9781444363
ECR value: 90.2075736424
ECR value: 82.9781444363
ECR value: 104.207553313
ECR value: 112.170860879
ECR value: 110.826133831
ECR value: 112.211134739
ECR value: 102.757691317
ECR value: 202.31000098
ECR value: 68.1673184121
ECR value: 103.368146379
ECR value: 74.414537353
ECR value: 85.4823726356
ECR value: 80.302909678
ECR value: 97.6911072138
ECR value: 58.7515984339
ECR value: 193.165540492
ECR value: 99.6503893074
ECR value: 84.0012119361
ECR value: 110.68430299
ECR value: 112.357455508
ECR value: 110.595236878
ECR value: 108.108808511
ECR value: 112.15120214
ECR value: 125.845663626
ECR value: 114.526231444
ECR value: 68.9331660681
ECR value: 111.865020464
ECR value: 104.79501465
ECR value: 110.431909344
ECR value: 149.430371876
ECR value: 151.107828094
ECR value: 112.131190422
ECR value: 111.774462598
ECR value: 46.8980756179
ECR value: 43.4682248789
ECR value: 112.213279047
ECR value: 115.330644295
ECR value: 111.654050785
ECR value: 111.654050785
ECR value: 102.714490084
ECR value: 112.614750523
ECR value: 113.174283942
ECR value: 109.08294944
ECR value: 110.529849959
ECR value: 38.7689137759
ECR value: 111.342528651
ECR value: 109.72941313
ECR value: 112.127864479
ECR value: 112.676357597
ECR value: 112.354175216
ECR value: 104.681259583
ECR value: 92.4874314688
ECR value: 112.058483323
ECR value: 114.851161418
ECR value: 113.958297315
ECR value: 106.087807023
ECR value: 111.806639101
ECR value: 111.315140676
ECR value: 112.589719011
ECR value: 112.013138509
ECR value: 57.8682820216
ECR value: 93.3729625245
ECR value: 57.8682820216
ECR value: 120.26657552
ECR value: 112.951405999
ECR value: 119.074049128
ECR value: 112.785031646
ECR value: 108.433333935
ECR value: 52.7759549202
ECR value: 109.062656548
ECR value: 102.423843795
ECR value: 102.121843327
ECR value: 51.4547617149
ECR value: 51.4547617149
ECR value: 107.795842232
The highest ECR after removing No.6 feature: 212.405756468
---- Replace [ruleScoreDN] with [stepTimeDeviation] ----
---- ECR gets improved from 193.165540492 to 212.405756468

************ Attempt to Remove the NO.8 feature: [cumul_F1Score] ************
ECR value: 178.60468519
ECR value: 182.929534003
ECR value: 133.653584704
ECR value: 230.939216535
ECR value: 121.973253167
ECR value: 73.7628839261
ECR value: 193.971661849
ECR value: 193.905769755
ECR value: 380.411178219
ECR value: 229.627622989
ECR value: 195.608885173
ECR value: 192.883695071
ECR value: 190.102395221
ECR value: 190.102395221
ECR value: 87.8950976737
ECR value: 192.508187299
ECR value: 192.822728558
ECR value: 186.642455222
ECR value: 193.91080793
ECR value: 80.6666858714
ECR value: 59.5365423342
ECR value: 229.529593366
ECR value: 47.4989299058
ECR value: 67.3806565118
ECR value: 190.454181196
ECR value: 185.483896268
ECR value: 191.847516578
ECR value: 191.834606965
ECR value: 193.105190823
ECR value: 185.796451436
ECR value: 184.188171025
ECR value: 153.797071631
ECR value: 185.107865214
ECR value: 194.901117665
ECR value: 185.264177506
ECR value: 188.832178882
ECR value: 185.475765882
ECR value: 193.438780646
ECR value: 180.562659548
ECR value: 185.402303662
ECR value: 77.5123846768
ECR value: 172.603553351
ECR value: 77.5123846768
ECR value: 173.502850585
ECR value: 193.910788454
ECR value: 219.123772848
ECR value: 193.757572878
ECR value: 188.395132903
ECR value: 253.558382972
ECR value: 133.926005054
ECR value: 253.293633566
ECR value: 78.3648302745
ECR value: 121.592267819
ECR value: 157.130840485
ECR value: 211.800312181
ECR value: 152.455567183
ECR value: 296.771638482
ECR value: 231.233082299
ECR value: 140.670722742
ECR value: 194.435885582
ECR value: 194.251618902
ECR value: 195.350380204
ECR value: 101.173629695
ECR value: 323.010427224
ECR value: 82.5100790772
ECR value: 210.401175366
ECR value: 196.529295105
ECR value: 193.792591299
ECR value: 202.968827473
ECR value: 80.0752577334
ECR value: 154.184916713
ECR value: 171.723036097
ECR value: 193.993177053
ECR value: 194.499614961
ECR value: 52.5645474729
ECR value: 61.861016037
ECR value: 191.558117325
ECR value: 200.807865539
ECR value: 190.102395221
ECR value: 190.102395221
ECR value: 159.512923893
ECR value: 193.507260661
ECR value: 194.708944555
ECR value: 193.667700731
ECR value: 194.103669512
ECR value: 47.4989299058
ECR value: 195.458231109
ECR value: 193.676727774
ECR value: 193.101075027
ECR value: 193.380910884
ECR value: 194.103517215
ECR value: 188.597777961
ECR value: 60.5836054059
ECR value: 212.405756468
ECR value: 193.930437949
ECR value: 194.345425952
ECR value: 195.000176722
ECR value: 191.003826472
ECR value: 193.550491128
ECR value: 194.024433937
ECR value: 194.033842695
ECR value: 193.620468692
ECR value: 78.8470332934
ECR value: 312.777401201
ECR value: 78.8523721076
ECR value: 180.448653606
ECR value: 194.312142792
ECR value: 213.559044011
ECR value: 194.329951354
ECR value: 192.964224995
ECR value: 54.874585346
ECR value: 79.2017675199
ECR value: 66.9271660115
ECR value: 64.6363321717
ECR value: 65.8723002103
ECR value: 65.8723002103
ECR value: 70.8970301098
The highest ECR after removing No.7 feature: 380.411178219
---- Replace [cumul_F1Score] with [difficultProblemCountSolved] ----
---- ECR gets improved from 212.405756468 to 380.411178219

+++++++++++++++++++++++++++++++++++++++
The current ECR is 380.411178219
The selected features are:
['probDiff', 'Level', 'TotalTime', 'cumul_avgstepTimeWE', 'cumul_TotalWETime', 'cumul_TotalPSTime', 'stepTimeDeviation', 'difficultProblemCountSolved']
