

************ selecting feature: 1 ************
/usr/local/lib/python2.7/site-packages/pandas/core/indexing.py:477: SettingWithCopyWarning:
A value is trying to be set on a copy of a slice from a DataFrame.
Try using .loc[row_indexer,col_indexer] = value instead

See the caveats in the documentation: http://pandas.pydata.org/pandas-docs/stable/indexing.html#indexing-view-versus-copy
  self.obj[item] = s
/Library/Python/2.7/site-packages/mdptoolbox/mdp.py:1358: RuntimeWarning: divide by zero encountered in double_scalars
  span ) / _math.log(self.discount * k))
	ECR after adding Interaction:		0.0
	ECR after adding hintCount:		0.0
	ECR after adding TotalTime:		2.62681022047
	ECR after adding TotalPSTime:		2.91257987611
	ECR after adding TotalWETime:		11.0034189174
	ECR after adding avgstepTime:		0.0
	ECR after adding avgstepTimePS:		0.0
	ECR after adding stepTimeDeviation:		4.76082448797
	ECR after adding symbolicRepresentationCount:		0.0
	ECR after adding englishSymbolicSwitchCount:		0.0302295106362
	ECR after adding Level:		17.8209387718
	ECR after adding probDiff:		28.6054722752
	ECR after adding difficultProblemCountSolved:		27.4959041955
	ECR after adding difficultProblemCountWE:		16.8817557067
	ECR after adding easyProblemCountSolved:		3.03131991856
	ECR after adding easyProblemCountWE:		0.0
	ECR after adding probAlternate:		1.30361396036
	ECR after adding easyProbAlternate:		1.30361396036
	ECR after adding RuleTypesCount:		5.23561592531
	ECR after adding UseCount:		0.0
	ECR after adding PrepCount:		0.0
	ECR after adding MorphCount:		0.0384500398442
	ECR after adding OptionalCount:		0.0
	ECR after adding NewLevel:		0.0
	ECR after adding SolvedPSInLevel:		0.0
	ECR after adding SeenWEinLevel:		10.1779363269
	ECR after adding probIndexinLevel:		22.5758344528
	ECR after adding probIndexPSinLevel:		11.8793006322
	ECR after adding InterfaceErrorCount:		0.0
	ECR after adding RightApp:		0.0
	ECR after adding WrongApp:		0.0
	ECR after adding WrongSemanticsApp:		0.0507274603308
	ECR after adding WrongSyntaxApp:		0.0
	ECR after adding PrightAppRatio:		1.28211555148
	ECR after adding RrightAppRatio:		0.0
	ECR after adding F1Score:		3.18724633834
	ECR after adding FDActionCount:		0.0
	ECR after adding BDActionCount:		0.0
	ECR after adding DirectProofActionCount:		0.0
	ECR after adding InDirectProofActionCount:		0.0467117352083
	ECR after adding actionCount:		0.0
	ECR after adding UseWindowInfo:		0.0
	ECR after adding NonPSelements:		0.0
	ECR after adding AppCount:		0.0
	ECR after adding AppRatio:		0.451864299839
	ECR after adding hintRatio:		0.0
	ECR after adding BlankRatio:		0.451864299839
	ECR after adding HoverHintCount:		0.0
	ECR after adding SystemInfoHintCount:		0.0
	ECR after adding NextStepClickCountWE:		2.8318115411
	ECR after adding PreviousStepClickCountWE:		0.230447671199
	ECR after adding deletedApp:		0.0
	ECR after adding ruleScoreMP:		4.93593848285
	ECR after adding ruleScoreDS:		4.76433002198
	ECR after adding ruleScoreSIMP:		0.0415323622306
	ECR after adding ruleScoreMT:		2.78521509852
	ECR after adding ruleScoreADD:		0.0
	ECR after adding ruleScoreCONJ:		5.86269913917
	ECR after adding ruleScoreHS:		5.4170962669
	ECR after adding ruleScoreCD:		3.43210213985
	ECR after adding ruleScoreDN:		6.94800374999
	ECR after adding ruleScoreDEM:		4.59931923417
	ECR after adding ruleScoreIMPL:		5.2584501813
	ECR after adding ruleScoreCONTRA:		0.0
	ECR after adding ruleScoreEQUIV:		0.0
	ECR after adding ruleScoreCOM:		0.0
	ECR after adding ruleScoreASSOC:		2.8502183779
	ECR after adding ruleScoreDIST:		2.83335607459
	ECR after adding ruleScoreABS:		5.83928413747
	ECR after adding ruleScoreEXP:		7.30366804156
	ECR after adding ruleScoreTAUT:		0.0
	ECR after adding cumul_Interaction:		4.28612217939
	ECR after adding cumul_hintCount:		0.0
	ECR after adding cumul_TotalTime:		5.69238421127
	ECR after adding cumul_TotalPSTime:		9.11978500806
	ECR after adding cumul_TotalWETime:		0.294176819903
	ECR after adding cumul_avgstepTime:		2.70331597249
	ECR after adding cumul_avgstepTimeWE:		5.10981389563
	ECR after adding cumul_avgstepTimePS:		2.71813420718
	ECR after adding cumul_symbolicRepresentationCount:		0.0
	ECR after adding cumul_englishSymbolicSwitchCount:		0.0
	ECR after adding cumul_difficultProblemCountSolved:		4.61938509337
	ECR after adding cumul_difficultProblemCountWE:		8.95898793626
	ECR after adding cumul_easyProblemCountSolved:		11.6639102573
	ECR after adding cumul_easyProblemCountWE:		0.0
	ECR after adding cumul_probAlternate:		1.30361396036
	ECR after adding cumul_easyProbAlternate:		1.30361396036
	ECR after adding cumul_RuleTypesCount:		10.5234931425
	ECR after adding cumul_UseCount:		0.0
	ECR after adding cumul_PrepCount:		0.0
	ECR after adding cumul_MorphCount:		0.0
	ECR after adding cumul_OptionalCount:		0.0
	ECR after adding cumul_probIndexinLevel:		22.5758344528
	ECR after adding cumul_InterfaceErrorCount:		0.0
	ECR after adding cumul_RightApp:		0.0
	ECR after adding cumul_WrongApp:		0.0
	ECR after adding cumul_WrongSemanticsApp:		0.0
	ECR after adding cumul_WrongSyntaxApp:		0.0
	ECR after adding cumul_PrightAppRatio:		6.40331032694
	ECR after adding cumul_RrightAppRatio:		1.00737265643
	ECR after adding cumul_F1Score:		6.49454957882
	ECR after adding cumul_FDActionCount:		4.03149079018
	ECR after adding cumul_BDActionCount:		0.0
	ECR after adding cumul_DirectProofActionCount:		3.43197876219
	ECR after adding cumul_InDirectProofActionCount:		0.0
	ECR after adding cumul_actionCount:		4.05955228322
	ECR after adding cumul_UseWindowInfo:		0.0
	ECR after adding cumul_NonPSelements:		0.0
	ECR after adding cumul_AppCount:		3.82280526219
	ECR after adding cumul_AppRatio:		2.97423846968
	ECR after adding cumul_hintRatio:		0.903856904673
	ECR after adding cumul_BlankRatio:		2.97544435082
	ECR after adding cumul_HoverHintCount:		0.0
	ECR after adding cumul_SystemInfoHintCount:		0.0
	ECR after adding cumul_NextStepClickCountWE:		0.0
	ECR after adding cumul_PreviousStepClickCountWE:		0.0
	ECR after adding cumul_deletedApp:		0.0
	ECR after adding CurrPro_NumProbRule:		17.7429285771
	ECR after adding CurrPro_avgProbTime:		2.29104526573
	ECR after adding CurrPro_avgProbTimePS:		0.235704528358
	ECR after adding CurrPro_avgProbTimeDeviationPS:		2.38317237647
	ECR after adding CurrPro_avgProbTimeWE:		10.6198309368
	ECR after adding CurrPro_avgProbTimeDeviationWE:		10.6198309368
	ECR after adding CurrPro_medianProbTime:		0.995265778619
Selected Features: probDiff
current ECR: 28.6054722752

************ selecting feature: 2 ************
	ECR after adding Interaction:		28.1975534547
	ECR after adding hintCount:		29.7990230552
	ECR after adding TotalTime:		25.7289957951
	ECR after adding TotalPSTime:		28.8464330756
	ECR after adding TotalWETime:		26.9828644649
	ECR after adding avgstepTime:		28.6863241627
	ECR after adding avgstepTimePS:		33.670288897
	ECR after adding stepTimeDeviation:		38.9807606455
	ECR after adding symbolicRepresentationCount:		32.7556085632
	ECR after adding englishSymbolicSwitchCount:		29.2752140312
	ECR after adding Level:		36.2980141792
	ECR after adding difficultProblemCountSolved:		53.1093319216
	ECR after adding difficultProblemCountWE:		29.3062828015
	ECR after adding easyProblemCountSolved:		25.0341946331
	ECR after adding easyProblemCountWE:		26.3311100948
	ECR after adding probAlternate:		28.7032044658
	ECR after adding easyProbAlternate:		28.7032044658
	ECR after adding RuleTypesCount:		19.2749523587
	ECR after adding UseCount:		28.7270762243
	ECR after adding PrepCount:		28.7419016073
	ECR after adding MorphCount:		29.4371793156
	ECR after adding OptionalCount:		29.3607700192
	ECR after adding NewLevel:		17.4319242677
	ECR after adding SolvedPSInLevel:		30.1644547856
	ECR after adding SeenWEinLevel:		19.4111186486
	ECR after adding probIndexinLevel:		25.106242535
	ECR after adding probIndexPSinLevel:		22.6449083655
	ECR after adding InterfaceErrorCount:		28.4266824138
	ECR after adding RightApp:		36.202695032
	ECR after adding WrongApp:		29.3805503813
	ECR after adding WrongSemanticsApp:		28.7471209645
	ECR after adding WrongSyntaxApp:		29.4898412107
	ECR after adding PrightAppRatio:		29.2811906335
	ECR after adding RrightAppRatio:		29.0723080158
	ECR after adding F1Score:		28.5557673242
	ECR after adding FDActionCount:		28.3243009635
	ECR after adding BDActionCount:		28.5674007856
	ECR after adding DirectProofActionCount:		29.373471508
	ECR after adding InDirectProofActionCount:		29.8019998297
	ECR after adding actionCount:		28.3243009635
	ECR after adding UseWindowInfo:		29.386609744
	ECR after adding NonPSelements:		28.7939596769
	ECR after adding AppCount:		28.2802287718
	ECR after adding AppRatio:		18.9098120103
	ECR after adding hintRatio:		30.119816037
	ECR after adding BlankRatio:		18.9098120103
	ECR after adding HoverHintCount:		28.6914841769
	ECR after adding SystemInfoHintCount:		29.3322448119
	ECR after adding NextStepClickCountWE:		28.2941467016
	ECR after adding PreviousStepClickCountWE:		30.1627148295
	ECR after adding deletedApp:		30.4566108177
	ECR after adding ruleScoreMP:		29.8215033982
	ECR after adding ruleScoreDS:		26.1052356909
	ECR after adding ruleScoreSIMP:		34.6841576009
	ECR after adding ruleScoreMT:		22.234538584
	ECR after adding ruleScoreADD:		32.2468728066
	ECR after adding ruleScoreCONJ:		19.6065093849
	ECR after adding ruleScoreHS:		20.4554225903
	ECR after adding ruleScoreCD:		23.1321830555
	ECR after adding ruleScoreDN:		44.0357700187
	ECR after adding ruleScoreDEM:		21.7285622803
	ECR after adding ruleScoreIMPL:		24.4060264393
	ECR after adding ruleScoreCONTRA:		29.3027981122
	ECR after adding ruleScoreEQUIV:		34.059578393
	ECR after adding ruleScoreCOM:		37.6916364244
	ECR after adding ruleScoreASSOC:		21.355995019
	ECR after adding ruleScoreDIST:		26.548625116
	ECR after adding ruleScoreABS:		17.8611777124
	ECR after adding ruleScoreEXP:		16.9850047018
	ECR after adding ruleScoreTAUT:		34.6594037156
	ECR after adding cumul_Interaction:		28.2729868807
	ECR after adding cumul_hintCount:		32.8807459114
	ECR after adding cumul_TotalTime:		26.9232412747
	ECR after adding cumul_TotalPSTime:		28.4018005006
	ECR after adding cumul_TotalWETime:		25.078856288
	ECR after adding cumul_avgstepTime:		29.9966345014
	ECR after adding cumul_avgstepTimeWE:		39.7384255586
	ECR after adding cumul_avgstepTimePS:		32.7745148558
	ECR after adding cumul_symbolicRepresentationCount:		31.1720546082
	ECR after adding cumul_englishSymbolicSwitchCount:		36.4664228049
	ECR after adding cumul_difficultProblemCountSolved:		33.8510691919
	ECR after adding cumul_difficultProblemCountWE:		36.2383811408
	ECR after adding cumul_easyProblemCountSolved:		20.4525175378
	ECR after adding cumul_easyProblemCountWE:		29.8398737115
	ECR after adding cumul_probAlternate:		28.7032044658
	ECR after adding cumul_easyProbAlternate:		28.7032044658
	ECR after adding cumul_RuleTypesCount:		34.5538924289
	ECR after adding cumul_UseCount:		29.4121336386
	ECR after adding cumul_PrepCount:		30.7797670036
	ECR after adding cumul_MorphCount:		28.6483859292
	ECR after adding cumul_OptionalCount:		29.2016674389
	ECR after adding cumul_probIndexinLevel:		25.106242535
	ECR after adding cumul_InterfaceErrorCount:		29.1896170681
	ECR after adding cumul_RightApp:		29.1220820339
	ECR after adding cumul_WrongApp:		29.507407074
	ECR after adding cumul_WrongSemanticsApp:		29.4584092725
	ECR after adding cumul_WrongSyntaxApp:		29.4903924146
	ECR after adding cumul_PrightAppRatio:		30.0850190428
	ECR after adding cumul_RrightAppRatio:		27.8258501826
	ECR after adding cumul_F1Score:		29.1106639422
	ECR after adding cumul_FDActionCount:		28.5594495193
	ECR after adding cumul_BDActionCount:		29.303151793
	ECR after adding cumul_DirectProofActionCount:		29.3462491877
	ECR after adding cumul_InDirectProofActionCount:		29.1138257875
	ECR after adding cumul_actionCount:		28.928747169
	ECR after adding cumul_UseWindowInfo:		37.4367626518
	ECR after adding cumul_NonPSelements:		28.7987104766
	ECR after adding cumul_AppCount:		28.3174252314
	ECR after adding cumul_AppRatio:		25.5220383559
	ECR after adding cumul_hintRatio:		28.0794223735
	ECR after adding cumul_BlankRatio:		25.5084307626
	ECR after adding cumul_HoverHintCount:		29.0232371522
	ECR after adding cumul_SystemInfoHintCount:		36.1721267545
	ECR after adding cumul_NextStepClickCountWE:		30.4530613874
	ECR after adding cumul_PreviousStepClickCountWE:		34.7388448049
	ECR after adding cumul_deletedApp:		29.1982295631
	ECR after adding CurrPro_NumProbRule:		32.5575705712
	ECR after adding CurrPro_avgProbTime:		28.3230579423
	ECR after adding CurrPro_avgProbTimePS:		31.3742394636
	ECR after adding CurrPro_avgProbTimeDeviationPS:		26.2537183332
	ECR after adding CurrPro_avgProbTimeWE:		13.441411006
	ECR after adding CurrPro_avgProbTimeDeviationWE:		13.441411006
	ECR after adding CurrPro_medianProbTime:		26.940115373
Selected Features: difficultProblemCountSolved
current ECR: 53.1093319216

************ selecting feature: 3 ************
	ECR after adding Interaction:		53.1858018133
	ECR after adding hintCount:		52.8178813642
	ECR after adding TotalTime:		51.0365457468
	ECR after adding TotalPSTime:		51.5506876213
	ECR after adding TotalWETime:		46.3839231384
	ECR after adding avgstepTime:		55.3137627686
	ECR after adding avgstepTimePS:		51.825370454
	ECR after adding stepTimeDeviation:		60.3502464545
	ECR after adding symbolicRepresentationCount:		46.1177623143
	ECR after adding englishSymbolicSwitchCount:		52.773352002
	ECR after adding Level:		111.836844901
	ECR after adding difficultProblemCountWE:		52.6955170045
	ECR after adding easyProblemCountSolved:		41.3322618309
	ECR after adding easyProblemCountWE:		50.5731275065
	ECR after adding probAlternate:		53.252366418
	ECR after adding easyProbAlternate:		53.252366418
	ECR after adding RuleTypesCount:		30.5781866382
	ECR after adding UseCount:		53.2992822852
	ECR after adding PrepCount:		53.2218020783
	ECR after adding MorphCount:		52.750485198
	ECR after adding OptionalCount:		52.9179758209
	ECR after adding NewLevel:		38.5698815008
	ECR after adding SolvedPSInLevel:		54.3956093951
	ECR after adding SeenWEinLevel:		37.8434248923
	ECR after adding probIndexinLevel:		45.7881320961
	ECR after adding probIndexPSinLevel:		38.4895470279
	ECR after adding InterfaceErrorCount:		53.5696281837
	ECR after adding RightApp:		52.6733658909
	ECR after adding WrongApp:		53.250357438
	ECR after adding WrongSemanticsApp:		52.8478013878
	ECR after adding WrongSyntaxApp:		53.2453188371
	ECR after adding PrightAppRatio:		53.0979964822
	ECR after adding RrightAppRatio:		52.5111445334
	ECR after adding F1Score:		54.6308226316
	ECR after adding FDActionCount:		53.3380691862
	ECR after adding BDActionCount:		52.9743080044
	ECR after adding DirectProofActionCount:		54.2955368907
	ECR after adding InDirectProofActionCount:		52.0859925155
	ECR after adding actionCount:		53.3380691862
	ECR after adding UseWindowInfo:		53.1405962225
	ECR after adding NonPSelements:		52.1884482296
	ECR after adding AppCount:		53.4321054084
	ECR after adding AppRatio:		34.0507987563
	ECR after adding hintRatio:		53.7892917129
	ECR after adding BlankRatio:		34.0507987563
	ECR after adding HoverHintCount:		53.5870898725
	ECR after adding SystemInfoHintCount:		53.015706488
	ECR after adding NextStepClickCountWE:		51.6792989922
	ECR after adding PreviousStepClickCountWE:		53.6257487381
	ECR after adding deletedApp:		52.9755700533
	ECR after adding ruleScoreMP:		54.5244978649
	ECR after adding ruleScoreDS:		56.6703787195
	ECR after adding ruleScoreSIMP:		59.5790756161
	ECR after adding ruleScoreMT:		40.588752577
	ECR after adding ruleScoreADD:		48.2502395976
	ECR after adding ruleScoreCONJ:		46.4512120255
	ECR after adding ruleScoreHS:		41.7875941953
	ECR after adding ruleScoreCD:		38.4143621896
	ECR after adding ruleScoreDN:		74.2323813431
	ECR after adding ruleScoreDEM:		42.453463379
	ECR after adding ruleScoreIMPL:		45.3880030835
	ECR after adding ruleScoreCONTRA:		53.121434564
	ECR after adding ruleScoreEQUIV:		69.6790245681
	ECR after adding ruleScoreCOM:		53.544842718
	ECR after adding ruleScoreASSOC:		40.8222835572
	ECR after adding ruleScoreDIST:		42.8053404145
	ECR after adding ruleScoreABS:		36.3467495367
	ECR after adding ruleScoreEXP:		43.7471413349
	ECR after adding ruleScoreTAUT:		57.0970712249
	ECR after adding cumul_Interaction:		52.7309208179
	ECR after adding cumul_hintCount:		55.7619148357
	ECR after adding cumul_TotalTime:		56.5858017361
	ECR after adding cumul_TotalPSTime:		51.4790123796
	ECR after adding cumul_TotalWETime:		66.9403545063
	ECR after adding cumul_avgstepTime:		57.8020915707
	ECR after adding cumul_avgstepTimeWE:		54.9957240146
	ECR after adding cumul_avgstepTimePS:		54.6923801974
	ECR after adding cumul_symbolicRepresentationCount:		52.904300643
	ECR after adding cumul_englishSymbolicSwitchCount:		52.9727730243
	ECR after adding cumul_difficultProblemCountSolved:		49.1707946996
	ECR after adding cumul_difficultProblemCountWE:		41.1077338507
	ECR after adding cumul_easyProblemCountSolved:		37.1702649242
	ECR after adding cumul_easyProblemCountWE:		53.7114672931
	ECR after adding cumul_probAlternate:		53.252366418
	ECR after adding cumul_easyProbAlternate:		53.252366418
	ECR after adding cumul_RuleTypesCount:		43.8825444423
	ECR after adding cumul_UseCount:		53.0956280787
	ECR after adding cumul_PrepCount:		52.9038939011
	ECR after adding cumul_MorphCount:		53.0465023116
	ECR after adding cumul_OptionalCount:		52.8140530463
	ECR after adding cumul_probIndexinLevel:		45.7881320961
	ECR after adding cumul_InterfaceErrorCount:		52.8036443585
	ECR after adding cumul_RightApp:		53.3857163786
	ECR after adding cumul_WrongApp:		53.2402087239
	ECR after adding cumul_WrongSemanticsApp:		53.5246398068
	ECR after adding cumul_WrongSyntaxApp:		53.1997845111
	ECR after adding cumul_PrightAppRatio:		57.2130765336
	ECR after adding cumul_RrightAppRatio:		47.78393171
	ECR after adding cumul_F1Score:		59.1359773038
	ECR after adding cumul_FDActionCount:		52.0537152315
	ECR after adding cumul_BDActionCount:		53.030830881
	ECR after adding cumul_DirectProofActionCount:		54.013861082
	ECR after adding cumul_InDirectProofActionCount:		52.5795216986
	ECR after adding cumul_actionCount:		52.4300336273
	ECR after adding cumul_UseWindowInfo:		53.5092148444
	ECR after adding cumul_NonPSelements:		52.2749090996
	ECR after adding cumul_AppCount:		52.4265285678
	ECR after adding cumul_AppRatio:		36.7542422552
	ECR after adding cumul_hintRatio:		52.8381079413
	ECR after adding cumul_BlankRatio:		36.7063707665
	ECR after adding cumul_HoverHintCount:		53.3964292129
	ECR after adding cumul_SystemInfoHintCount:		52.8146250857
	ECR after adding cumul_NextStepClickCountWE:		58.8949056121
	ECR after adding cumul_PreviousStepClickCountWE:		53.6914894217
	ECR after adding cumul_deletedApp:		53.9695758037
	ECR after adding CurrPro_NumProbRule:		60.941949598
	ECR after adding CurrPro_avgProbTime:		56.0398946641
	ECR after adding CurrPro_avgProbTimePS:		59.8485073691
	ECR after adding CurrPro_avgProbTimeDeviationPS:		54.1571867642
	ECR after adding CurrPro_avgProbTimeWE:		50.9530916294
	ECR after adding CurrPro_avgProbTimeDeviationWE:		50.9530916294
	ECR after adding CurrPro_medianProbTime:		46.7385690137
Selected Features: Level
current ECR: 111.836844901

************ selecting feature: 4 ************
	ECR after adding Interaction:		112.810019276
	ECR after adding hintCount:		110.505089174
	ECR after adding TotalTime:		112.013706859
	ECR after adding TotalPSTime:		111.15586438
	ECR after adding TotalWETime:		101.25828369
	ECR after adding avgstepTime:		110.92892657
	ECR after adding avgstepTimePS:		107.76150501
	ECR after adding stepTimeDeviation:		109.29200548
	ECR after adding symbolicRepresentationCount:		57.8203829189
	ECR after adding englishSymbolicSwitchCount:		107.424872568
	ECR after adding difficultProblemCountWE:		111.757322242
	ECR after adding easyProblemCountSolved:		98.6737824734
	ECR after adding easyProblemCountWE:		108.84130335
	ECR after adding probAlternate:		112.288743746
	ECR after adding easyProbAlternate:		112.288743746
	ECR after adding RuleTypesCount:		78.1754847646
	ECR after adding UseCount:		111.678151981
	ECR after adding PrepCount:		86.9272213682
	ECR after adding MorphCount:		108.903175988
	ECR after adding OptionalCount:		111.255190471
	ECR after adding NewLevel:		76.5768252212
	ECR after adding SolvedPSInLevel:		41.9269829004
	ECR after adding SeenWEinLevel:		91.4899302041
	ECR after adding probIndexinLevel:		46.138292982
	ECR after adding probIndexPSinLevel:		30.9273842218
	ECR after adding InterfaceErrorCount:		101.254915569
	ECR after adding RightApp:		108.200461202
	ECR after adding WrongApp:		97.2039026302
	ECR after adding WrongSemanticsApp:		110.536866479
	ECR after adding WrongSyntaxApp:		97.3979113816
	ECR after adding PrightAppRatio:		123.268959491
	ECR after adding RrightAppRatio:		109.639502117
	ECR after adding F1Score:		126.17244245
	ECR after adding FDActionCount:		113.027085743
	ECR after adding BDActionCount:		111.592659075
	ECR after adding DirectProofActionCount:		114.829400025
	ECR after adding InDirectProofActionCount:		106.540620005
	ECR after adding actionCount:		113.027085743
	ECR after adding UseWindowInfo:		111.645189299
	ECR after adding NonPSelements:		111.052417754
	ECR after adding AppCount:		112.827879495
	ECR after adding AppRatio:		79.4124085851
	ECR after adding hintRatio:		101.118119655
	ECR after adding BlankRatio:		79.4124085851
	ECR after adding HoverHintCount:		101.51108791
	ECR after adding SystemInfoHintCount:		111.639709575
	ECR after adding NextStepClickCountWE:		108.711600003
	ECR after adding PreviousStepClickCountWE:		112.081379592
	ECR after adding deletedApp:		109.965991218
	ECR after adding ruleScoreMP:		124.818114887
	ECR after adding ruleScoreDS:		101.422852145
	ECR after adding ruleScoreSIMP:		111.073262114
	ECR after adding ruleScoreMT:		93.3426311022
	ECR after adding ruleScoreADD:		123.053442739
	ECR after adding ruleScoreCONJ:		95.5129478937
	ECR after adding ruleScoreHS:		110.26180717
	ECR after adding ruleScoreCD:		90.3128076357
	ECR after adding ruleScoreDN:		152.606668067
	ECR after adding ruleScoreDEM:		84.0439172671
	ECR after adding ruleScoreIMPL:		90.7013632772
	ECR after adding ruleScoreCONTRA:		111.117588441
	ECR after adding ruleScoreEQUIV:		91.2715738492
	ECR after adding ruleScoreCOM:		110.881855921
	ECR after adding ruleScoreASSOC:		90.94570503
	ECR after adding ruleScoreDIST:		87.0658605129
	ECR after adding ruleScoreABS:		92.494070457
	ECR after adding ruleScoreEXP:		93.0214907211
	ECR after adding ruleScoreTAUT:		120.019491296
	ECR after adding cumul_Interaction:		64.9327650557
	ECR after adding cumul_hintCount:		111.655091643
	ECR after adding cumul_TotalTime:		111.749581934
	ECR after adding cumul_TotalPSTime:		105.48959838
	ECR after adding cumul_TotalWETime:		108.895156632
	ECR after adding cumul_avgstepTime:		116.606067778
	ECR after adding cumul_avgstepTimeWE:		146.17344091
	ECR after adding cumul_avgstepTimePS:		103.197860779
	ECR after adding cumul_symbolicRepresentationCount:		111.610989866
	ECR after adding cumul_englishSymbolicSwitchCount:		111.34672149
	ECR after adding cumul_difficultProblemCountSolved:		35.1406552471
	ECR after adding cumul_difficultProblemCountWE:		74.7858028306
	ECR after adding cumul_easyProblemCountSolved:		96.3284532075
	ECR after adding cumul_easyProblemCountWE:		112.838399866
	ECR after adding cumul_probAlternate:		112.288743746
	ECR after adding cumul_easyProbAlternate:		112.288743746
	ECR after adding cumul_RuleTypesCount:		70.7345557622
	ECR after adding cumul_UseCount:		111.566778858
	ECR after adding cumul_PrepCount:		111.185552369
	ECR after adding cumul_MorphCount:		87.5814751555
	ECR after adding cumul_OptionalCount:		111.158152912
	ECR after adding cumul_probIndexinLevel:		46.138292982
	ECR after adding cumul_InterfaceErrorCount:		96.6748513276
	ECR after adding cumul_RightApp:		80.0662286366
	ECR after adding cumul_WrongApp:		111.703205478
	ECR after adding cumul_WrongSemanticsApp:		111.82006036
	ECR after adding cumul_WrongSyntaxApp:		111.848391992
	ECR after adding cumul_PrightAppRatio:		127.473642102
	ECR after adding cumul_RrightAppRatio:		100.764306254
	ECR after adding cumul_F1Score:		145.682655202
	ECR after adding cumul_FDActionCount:		67.7170869886
	ECR after adding cumul_BDActionCount:		111.486287086
	ECR after adding cumul_DirectProofActionCount:		72.4603585195
	ECR after adding cumul_InDirectProofActionCount:		155.696137108
	ECR after adding cumul_actionCount:		67.4556277112
	ECR after adding cumul_UseWindowInfo:		111.641449141
	ECR after adding cumul_NonPSelements:		110.133400106
	ECR after adding cumul_AppCount:		67.7067273241
	ECR after adding cumul_AppRatio:		125.793737571
	ECR after adding cumul_hintRatio:		103.322044315
	ECR after adding cumul_BlankRatio:		126.005877618
	ECR after adding cumul_HoverHintCount:		101.190292527
	ECR after adding cumul_SystemInfoHintCount:		111.359720312
	ECR after adding cumul_NextStepClickCountWE:		115.056908221
	ECR after adding cumul_PreviousStepClickCountWE:		112.616790672
	ECR after adding cumul_deletedApp:		97.1381964624
	ECR after adding CurrPro_NumProbRule:		67.7574080043
	ECR after adding CurrPro_avgProbTime:		131.633588838
	ECR after adding CurrPro_avgProbTimePS:		131.190009188
	ECR after adding CurrPro_avgProbTimeDeviationPS:		72.8177951726
	ECR after adding CurrPro_avgProbTimeWE:		69.4660149956
	ECR after adding CurrPro_avgProbTimeDeviationWE:		69.4660149956
	ECR after adding CurrPro_medianProbTime:		199.649992527
Selected Features: CurrPro_medianProbTime
current ECR: 199.649992527

************ selecting feature: 5 ************
	ECR after adding Interaction:		182.218870689
	ECR after adding hintCount:		196.869314284
	ECR after adding TotalTime:		131.767369698
	ECR after adding TotalPSTime:		176.723115976
	ECR after adding TotalWETime:		183.440252529
	ECR after adding avgstepTime:		198.176290095
	ECR after adding avgstepTimePS:		190.934917773
	ECR after adding stepTimeDeviation:		253.895191428
	ECR after adding symbolicRepresentationCount:		76.3136074725
	ECR after adding englishSymbolicSwitchCount:		192.482953888
	ECR after adding difficultProblemCountWE:		192.886108545
	ECR after adding easyProblemCountSolved:		183.201963214
	ECR after adding easyProblemCountWE:		195.549635511
	ECR after adding probAlternate:		200.599220605
	ECR after adding easyProbAlternate:		200.599220605
	ECR after adding RuleTypesCount:		100.645853174
	ECR after adding UseCount:		199.144487895
	ECR after adding PrepCount:		180.50234679
	ECR after adding MorphCount:		134.417615291
	ECR after adding OptionalCount:		198.434906412
	ECR after adding NewLevel:		111.926627392
	ECR after adding SolvedPSInLevel:		47.8326801999
	ECR after adding SeenWEinLevel:		166.639433579
	ECR after adding probIndexinLevel:		44.1662110395
	ECR after adding probIndexPSinLevel:		36.4180018099
	ECR after adding InterfaceErrorCount:		109.737992717
	ECR after adding RightApp:		133.7962197
	ECR after adding WrongApp:		188.647986004
	ECR after adding WrongSemanticsApp:		198.092100479
	ECR after adding WrongSyntaxApp:		189.250202506
	ECR after adding PrightAppRatio:		190.219259649
	ECR after adding RrightAppRatio:		171.030162333
	ECR after adding F1Score:		191.345322882
	ECR after adding FDActionCount:		182.579039674
	ECR after adding BDActionCount:		198.889034771
	ECR after adding DirectProofActionCount:		173.70394546
	ECR after adding InDirectProofActionCount:		219.534116181
	ECR after adding actionCount:		182.579039674
	ECR after adding UseWindowInfo:		199.412255775
	ECR after adding NonPSelements:		198.600003276
	ECR after adding AppCount:		157.221843834
	ECR after adding AppRatio:		103.285876589
	ECR after adding hintRatio:		125.950368007
	ECR after adding BlankRatio:		103.285876589
	ECR after adding HoverHintCount:		192.57237609
	ECR after adding SystemInfoHintCount:		199.298082531
	ECR after adding NextStepClickCountWE:		195.696319501
	ECR after adding PreviousStepClickCountWE:		199.401368817
	ECR after adding deletedApp:		185.778186088
	ECR after adding ruleScoreMP:		184.471827081
	ECR after adding ruleScoreDS:		238.46266451
	ECR after adding ruleScoreSIMP:		227.936950158
	ECR after adding ruleScoreMT:		149.220159127
	ECR after adding ruleScoreADD:		209.460530855
	ECR after adding ruleScoreCONJ:		159.34307696
	ECR after adding ruleScoreHS:		155.261498458
	ECR after adding ruleScoreCD:		167.268937043
	ECR after adding ruleScoreDN:		220.37833376
	ECR after adding ruleScoreDEM:		159.726163808
	ECR after adding ruleScoreIMPL:		160.068680245
	ECR after adding ruleScoreCONTRA:		197.320211491
	ECR after adding ruleScoreEQUIV:		195.372373743
	ECR after adding ruleScoreCOM:		198.970412327
	ECR after adding ruleScoreASSOC:		225.163948078
	ECR after adding ruleScoreDIST:		153.581704108
	ECR after adding ruleScoreABS:		168.547261687
	ECR after adding ruleScoreEXP:		182.223056222
	ECR after adding ruleScoreTAUT:		203.381595904
	ECR after adding cumul_Interaction:		65.7961433933
	ECR after adding cumul_hintCount:		199.275090041
	ECR after adding cumul_TotalTime:		216.565609016
	ECR after adding cumul_TotalPSTime:		190.794115404
	ECR after adding cumul_TotalWETime:		197.773024425
	ECR after adding cumul_avgstepTime:		205.391405695
	ECR after adding cumul_avgstepTimeWE:		96.3616343939
	ECR after adding cumul_avgstepTimePS:		205.200329568
	ECR after adding cumul_symbolicRepresentationCount:		194.885017034
	ECR after adding cumul_englishSymbolicSwitchCount:		198.404812781
	ECR after adding cumul_difficultProblemCountSolved:		43.9278343116
	ECR after adding cumul_difficultProblemCountWE:		116.946273562
	ECR after adding cumul_easyProblemCountSolved:		176.565822303
	ECR after adding cumul_easyProblemCountWE:		201.298814036
	ECR after adding cumul_probAlternate:		200.599220605
	ECR after adding cumul_easyProbAlternate:		200.599220605
	ECR after adding cumul_RuleTypesCount:		144.010498746
	ECR after adding cumul_UseCount:		199.541332537
	ECR after adding cumul_PrepCount:		198.530944841
	ECR after adding cumul_MorphCount:		180.217775891
	ECR after adding cumul_OptionalCount:		198.225753326
	ECR after adding cumul_probIndexinLevel:		44.1662110395
	ECR after adding cumul_InterfaceErrorCount:		187.343940941
	ECR after adding cumul_RightApp:		106.73671794
	ECR after adding cumul_WrongApp:		199.160680078
	ECR after adding cumul_WrongSemanticsApp:		198.834616478
	ECR after adding cumul_WrongSyntaxApp:		199.780696852
	ECR after adding cumul_PrightAppRatio:		194.264620527
	ECR after adding cumul_RrightAppRatio:		178.950975716
	ECR after adding cumul_F1Score:		198.443802289
	ECR after adding cumul_FDActionCount:		79.3831785501
	ECR after adding cumul_BDActionCount:		199.280499837
	ECR after adding cumul_DirectProofActionCount:		79.091650706
	ECR after adding cumul_InDirectProofActionCount:		121.59194689
	ECR after adding cumul_actionCount:		79.0833902179
	ECR after adding cumul_UseWindowInfo:		199.356801186
	ECR after adding cumul_NonPSelements:		196.54316564
	ECR after adding cumul_AppCount:		79.2691043996
	ECR after adding cumul_AppRatio:		214.081977409
	ECR after adding cumul_hintRatio:		180.452377715
	ECR after adding cumul_BlankRatio:		214.593916567
	ECR after adding cumul_HoverHintCount:		191.147049961
	ECR after adding cumul_SystemInfoHintCount:		198.863429207
	ECR after adding cumul_NextStepClickCountWE:		194.939855092
	ECR after adding cumul_PreviousStepClickCountWE:		201.068600966
	ECR after adding cumul_deletedApp:		189.25290325
	ECR after adding CurrPro_NumProbRule:		68.1587319225
	ECR after adding CurrPro_avgProbTime:		71.0271071962
	ECR after adding CurrPro_avgProbTimePS:		68.8575776658
	ECR after adding CurrPro_avgProbTimeDeviationPS:		65.8681969893
	ECR after adding CurrPro_avgProbTimeWE:		63.4470340772
	ECR after adding CurrPro_avgProbTimeDeviationWE:		63.4470340772
Selected Features: stepTimeDeviation
current ECR: 253.895191428

************ selecting feature: 6 ************
	ECR after adding Interaction:		235.765271199
	ECR after adding hintCount:		252.595501705
	ECR after adding TotalTime:		221.783245912
	ECR after adding TotalPSTime:		207.827070274
	ECR after adding TotalWETime:		224.306611103
	ECR after adding avgstepTime:		94.8413379423
	ECR after adding avgstepTimePS:		79.5035086382
	ECR after adding symbolicRepresentationCount:		193.57323554
	ECR after adding englishSymbolicSwitchCount:		250.145773268
	ECR after adding difficultProblemCountWE:		246.815325772
	ECR after adding easyProblemCountSolved:		239.932869936
	ECR after adding easyProblemCountWE:		248.809693045
	ECR after adding probAlternate:		253.059812441
	ECR after adding easyProbAlternate:		253.059812441
	ECR after adding RuleTypesCount:		78.2563031266
	ECR after adding UseCount:		252.064300453
	ECR after adding PrepCount:		249.934252143
	ECR after adding MorphCount:		233.487868372
	ECR after adding OptionalCount:		252.38203727
	ECR after adding NewLevel:		149.772479349
	ECR after adding SolvedPSInLevel:		48.8812062707
	ECR after adding SeenWEinLevel:		205.812817644
	ECR after adding probIndexinLevel:		44.152730411
	ECR after adding probIndexPSinLevel:		43.3282626242
	ECR after adding InterfaceErrorCount:		219.281884911
	ECR after adding RightApp:		232.33974024
	ECR after adding WrongApp:		251.171592137
	ECR after adding WrongSemanticsApp:		253.270875845
	ECR after adding WrongSyntaxApp:		251.73462145
	ECR after adding PrightAppRatio:		239.773195095
	ECR after adding RrightAppRatio:		241.045958484
	ECR after adding F1Score:		240.892478906
	ECR after adding FDActionCount:		235.57421773
	ECR after adding BDActionCount:		252.67206733
	ECR after adding DirectProofActionCount:		227.460857173
	ECR after adding InDirectProofActionCount:		257.077401431
	ECR after adding actionCount:		235.550932552
	ECR after adding UseWindowInfo:		253.366223574
	ECR after adding NonPSelements:		252.01536898
	ECR after adding AppCount:		234.504087375
	ECR after adding AppRatio:		184.288509152
	ECR after adding hintRatio:		217.587420494
	ECR after adding BlankRatio:		184.288509152
	ECR after adding HoverHintCount:		257.841691073
	ECR after adding SystemInfoHintCount:		253.675672878
	ECR after adding NextStepClickCountWE:		249.360533387
	ECR after adding PreviousStepClickCountWE:		252.908029177
	ECR after adding deletedApp:		250.03018969
	ECR after adding ruleScoreMP:		240.596084552
	ECR after adding ruleScoreDS:		237.209145619
	ECR after adding ruleScoreSIMP:		255.885290579
	ECR after adding ruleScoreMT:		158.083676333
	ECR after adding ruleScoreADD:		236.663998575
	ECR after adding ruleScoreCONJ:		190.437632865
	ECR after adding ruleScoreHS:		192.786217937
	ECR after adding ruleScoreCD:		181.340890494
	ECR after adding ruleScoreDN:		236.004639056
	ECR after adding ruleScoreDEM:		165.136638379
	ECR after adding ruleScoreIMPL:		193.042920863
	ECR after adding ruleScoreCONTRA:		250.539127788
	ECR after adding ruleScoreEQUIV:		217.717935088
	ECR after adding ruleScoreCOM:		251.26861565
	ECR after adding ruleScoreASSOC:		211.176359335
	ECR after adding ruleScoreDIST:		120.340173619
	ECR after adding ruleScoreABS:		203.395464714
	ECR after adding ruleScoreEXP:		201.928836746
	ECR after adding ruleScoreTAUT:		255.646923866
	ECR after adding cumul_Interaction:		64.8326817536
	ECR after adding cumul_hintCount:		254.858667168
	ECR after adding cumul_TotalTime:		221.530867834
	ECR after adding cumul_TotalPSTime:		201.385245296
	ECR after adding cumul_TotalWETime:		263.197196938
	ECR after adding cumul_avgstepTime:		109.131446981
	ECR after adding cumul_avgstepTimeWE:		177.744802582
	ECR after adding cumul_avgstepTimePS:		217.224762822
	ECR after adding cumul_symbolicRepresentationCount:		252.506918312
	ECR after adding cumul_englishSymbolicSwitchCount:		252.684235723
	ECR after adding cumul_difficultProblemCountSolved:		50.3114431003
	ECR after adding cumul_difficultProblemCountWE:		160.113963438
	ECR after adding cumul_easyProblemCountSolved:		232.479471103
	ECR after adding cumul_easyProblemCountWE:		254.15387618
	ECR after adding cumul_probAlternate:		253.059812441
	ECR after adding cumul_easyProbAlternate:		253.059812441
	ECR after adding cumul_RuleTypesCount:		173.595915113
	ECR after adding cumul_UseCount:		251.801077662
	ECR after adding cumul_PrepCount:		251.43481204
	ECR after adding cumul_MorphCount:		249.634380407
	ECR after adding cumul_OptionalCount:		253.250602208
	ECR after adding cumul_probIndexinLevel:		44.152730411
	ECR after adding cumul_InterfaceErrorCount:		254.64285208
	ECR after adding cumul_RightApp:		215.727922112
	ECR after adding cumul_WrongApp:		252.801611936
	ECR after adding cumul_WrongSemanticsApp:		254.673307467
	ECR after adding cumul_WrongSyntaxApp:		252.241521705
	ECR after adding cumul_PrightAppRatio:		245.375558006
	ECR after adding cumul_RrightAppRatio:		239.33551513
	ECR after adding cumul_F1Score:		248.875610365
	ECR after adding cumul_FDActionCount:		194.089021064
	ECR after adding cumul_BDActionCount:		253.083161987
	ECR after adding cumul_DirectProofActionCount:		75.3003595674
	ECR after adding cumul_InDirectProofActionCount:		221.115232209
	ECR after adding cumul_actionCount:		193.272690362
	ECR after adding cumul_UseWindowInfo:		253.384278199
	ECR after adding cumul_NonPSelements:		250.1650632
	ECR after adding cumul_AppCount:		192.919411169
	ECR after adding cumul_AppRatio:		254.389211051
	ECR after adding cumul_hintRatio:		238.610121051
	ECR after adding cumul_BlankRatio:		255.000532163
	ECR after adding cumul_HoverHintCount:		257.821409116
	ECR after adding cumul_SystemInfoHintCount:		253.541654608
	ECR after adding cumul_NextStepClickCountWE:		241.575974049
	ECR after adding cumul_PreviousStepClickCountWE:		256.702191793
	ECR after adding cumul_deletedApp:		251.142598403
	ECR after adding CurrPro_NumProbRule:		64.4105114239
	ECR after adding CurrPro_avgProbTime:		74.0133944242
	ECR after adding CurrPro_avgProbTimePS:		68.8146603095
	ECR after adding CurrPro_avgProbTimeDeviationPS:		66.5024975549
	ECR after adding CurrPro_avgProbTimeWE:		60.3517924577
	ECR after adding CurrPro_avgProbTimeDeviationWE:		60.3517924577
Selected Features: cumul_TotalWETime
current ECR: 263.197196938

************ selecting feature: 7 ************
	ECR after adding Interaction:		265.273725333
	ECR after adding hintCount:		254.382335666
	ECR after adding TotalTime:		218.080069561
	ECR after adding TotalPSTime:		207.414264218
	ECR after adding TotalWETime:		241.81451263
	ECR after adding avgstepTime:		93.8505145989
	ECR after adding avgstepTimePS:		84.2227083613
	ECR after adding symbolicRepresentationCount:		199.974690063
	ECR after adding englishSymbolicSwitchCount:		260.290947927
	ECR after adding difficultProblemCountWE:		260.610479046
	ECR after adding easyProblemCountSolved:		251.07903223
	ECR after adding easyProblemCountWE:		260.223381828
	ECR after adding probAlternate:		263.480125298
	ECR after adding easyProbAlternate:		263.480125298
	ECR after adding RuleTypesCount:		111.126638835
	ECR after adding UseCount:		262.881086422
	ECR after adding PrepCount:		262.386570295
	ECR after adding MorphCount:		260.63639915
	ECR after adding OptionalCount:		261.593148843
	ECR after adding NewLevel:		128.597908818
	ECR after adding SolvedPSInLevel:		58.3066170299
	ECR after adding SeenWEinLevel:		231.319381916
	ECR after adding probIndexinLevel:		49.3539179829
	ECR after adding probIndexPSinLevel:		57.2992975526
	ECR after adding InterfaceErrorCount:		228.067259958
	ECR after adding RightApp:		261.777471654
	ECR after adding WrongApp:		260.242142591
	ECR after adding WrongSemanticsApp:		259.792729384
	ECR after adding WrongSyntaxApp:		261.653063887
	ECR after adding PrightAppRatio:		241.641551324
	ECR after adding RrightAppRatio:		244.977114308
	ECR after adding F1Score:		240.261352312
	ECR after adding FDActionCount:		264.954404852
	ECR after adding BDActionCount:		262.190856086
	ECR after adding DirectProofActionCount:		220.015623307
	ECR after adding InDirectProofActionCount:		272.869260341
	ECR after adding actionCount:		264.695373516
	ECR after adding UseWindowInfo:		262.754002892
	ECR after adding NonPSelements:		258.51444568
	ECR after adding AppCount:		264.993137959
	ECR after adding AppRatio:		192.549680668
	ECR after adding hintRatio:		208.908082771
	ECR after adding BlankRatio:		192.549680668
	ECR after adding HoverHintCount:		265.780301947
	ECR after adding SystemInfoHintCount:		263.095204218
	ECR after adding NextStepClickCountWE:		257.22402789
	ECR after adding PreviousStepClickCountWE:		261.556134286
	ECR after adding deletedApp:		256.745199513
	ECR after adding ruleScoreMP:		246.307265227
	ECR after adding ruleScoreDS:		249.888980625
	ECR after adding ruleScoreSIMP:		264.848334669
	ECR after adding ruleScoreMT:		181.27301944
	ECR after adding ruleScoreADD:		236.881883421
	ECR after adding ruleScoreCONJ:		206.147094195
	ECR after adding ruleScoreHS:		221.070514175
	ECR after adding ruleScoreCD:		204.447545934
	ECR after adding ruleScoreDN:		240.999322959
	ECR after adding ruleScoreDEM:		185.163858652
	ECR after adding ruleScoreIMPL:		215.375733545
	ECR after adding ruleScoreCONTRA:		257.651831649
	ECR after adding ruleScoreEQUIV:		210.320313921
	ECR after adding ruleScoreCOM:		261.010173702
	ECR after adding ruleScoreASSOC:		232.784883218
	ECR after adding ruleScoreDIST:		135.541661344
	ECR after adding ruleScoreABS:		227.01834257
	ECR after adding ruleScoreEXP:		227.59928351
	ECR after adding ruleScoreTAUT:		263.279494717
	ECR after adding cumul_Interaction:		80.4707323248
	ECR after adding cumul_hintCount:		261.482228437
	ECR after adding cumul_TotalTime:		227.994120014
	ECR after adding cumul_TotalPSTime:		217.448782467
	ECR after adding cumul_avgstepTime:		106.750430288
	ECR after adding cumul_avgstepTimeWE:		189.340812739
	ECR after adding cumul_avgstepTimePS:		221.038225019
	ECR after adding cumul_symbolicRepresentationCount:		262.244232833
	ECR after adding cumul_englishSymbolicSwitchCount:		262.270388118
	ECR after adding cumul_difficultProblemCountSolved:		62.7744293614
	ECR after adding cumul_difficultProblemCountWE:		154.860151935
	ECR after adding cumul_easyProblemCountSolved:		247.972475172
	ECR after adding cumul_easyProblemCountWE:		261.397570416
	ECR after adding cumul_probAlternate:		263.480125298
	ECR after adding cumul_easyProbAlternate:		263.480125298
	ECR after adding cumul_RuleTypesCount:		175.629854554
	ECR after adding cumul_UseCount:		261.503421071
	ECR after adding cumul_PrepCount:		260.993414594
	ECR after adding cumul_MorphCount:		262.215394567
	ECR after adding cumul_OptionalCount:		262.626693507
	ECR after adding cumul_probIndexinLevel:		49.3539179829
	ECR after adding cumul_InterfaceErrorCount:		264.776549374
	ECR after adding cumul_RightApp:		223.633418086
	ECR after adding cumul_WrongApp:		262.801629562
	ECR after adding cumul_WrongSemanticsApp:		262.914905028
	ECR after adding cumul_WrongSyntaxApp:		262.050969348
	ECR after adding cumul_PrightAppRatio:		250.305319641
	ECR after adding cumul_RrightAppRatio:		244.83822209
	ECR after adding cumul_F1Score:		246.274789008
	ECR after adding cumul_FDActionCount:		203.970318088
	ECR after adding cumul_BDActionCount:		262.44980455
	ECR after adding cumul_DirectProofActionCount:		95.3325076724
	ECR after adding cumul_InDirectProofActionCount:		230.495974384
	ECR after adding cumul_actionCount:		202.754521459
	ECR after adding cumul_UseWindowInfo:		263.114531998
	ECR after adding cumul_NonPSelements:		260.937097396
	ECR after adding cumul_AppCount:		202.830508183
	ECR after adding cumul_AppRatio:		254.894191154
	ECR after adding cumul_hintRatio:		242.384695478
	ECR after adding cumul_BlankRatio:		254.870849119
	ECR after adding cumul_HoverHintCount:		265.824369399
	ECR after adding cumul_SystemInfoHintCount:		262.683903744
	ECR after adding cumul_NextStepClickCountWE:		260.016642191
	ECR after adding cumul_PreviousStepClickCountWE:		263.983330483
	ECR after adding cumul_deletedApp:		260.117710979
	ECR after adding CurrPro_NumProbRule:		62.3589080521
	ECR after adding CurrPro_avgProbTime:		72.8442868743
	ECR after adding CurrPro_avgProbTimePS:		63.2470091132
	ECR after adding CurrPro_avgProbTimeDeviationPS:		64.5639582536
	ECR after adding CurrPro_avgProbTimeWE:		61.4028063315
	ECR after adding CurrPro_avgProbTimeDeviationWE:		61.4028063315
Selected Features: InDirectProofActionCount
current ECR: 272.869260341

************ selecting feature: 8 ************
	ECR after adding Interaction:		263.136700731
	ECR after adding hintCount:		262.825323429
	ECR after adding TotalTime:		215.234671263
	ECR after adding TotalPSTime:		209.652253851
	ECR after adding TotalWETime:		249.221812478
	ECR after adding avgstepTime:		88.4309247725
	ECR after adding avgstepTimePS:		80.5770858093
	ECR after adding symbolicRepresentationCount:		201.746708211
	ECR after adding englishSymbolicSwitchCount:		269.810050925
	ECR after adding difficultProblemCountWE:		270.447687401
	ECR after adding easyProblemCountSolved:		262.27046677
	ECR after adding easyProblemCountWE:		269.944506931
	ECR after adding probAlternate:		273.201684336
	ECR after adding easyProbAlternate:		273.201684336
	ECR after adding RuleTypesCount:		98.9960952513
	ECR after adding UseCount:		271.193966095
	ECR after adding PrepCount:		270.74116099
	ECR after adding MorphCount:		259.993888995
	ECR after adding OptionalCount:		272.116954291
	ECR after adding NewLevel:		133.487251288
	ECR after adding SolvedPSInLevel:		60.4517326403
	ECR after adding SeenWEinLevel:		239.719358947
	ECR after adding probIndexinLevel:		50.1997387585
	ECR after adding probIndexPSinLevel:		59.8010614331
	ECR after adding InterfaceErrorCount:		225.640153118
	ECR after adding RightApp:		262.577967168
	ECR after adding WrongApp:		268.185300983
	ECR after adding WrongSemanticsApp:		269.748814045
	ECR after adding WrongSyntaxApp:		269.371722028
	ECR after adding PrightAppRatio:		245.180960969
	ECR after adding RrightAppRatio:		218.058214411
	ECR after adding F1Score:		243.314214146
	ECR after adding FDActionCount:		263.062106079
	ECR after adding BDActionCount:		272.053685488
	ECR after adding DirectProofActionCount:		225.666390928
	ECR after adding actionCount:		262.835880617
	ECR after adding UseWindowInfo:		272.852410793
	ECR after adding NonPSelements:		268.722228279
	ECR after adding AppCount:		263.99916057
	ECR after adding AppRatio:		194.77536858
	ECR after adding hintRatio:		212.457448561
	ECR after adding BlankRatio:		194.77536858
	ECR after adding HoverHintCount:		269.229524256
	ECR after adding SystemInfoHintCount:		272.433714418
	ECR after adding NextStepClickCountWE:		266.935428154
	ECR after adding PreviousStepClickCountWE:		271.010965783
	ECR after adding deletedApp:		221.372114387
	ECR after adding ruleScoreMP:		241.881708499
	ECR after adding ruleScoreDS:		251.729522227
	ECR after adding ruleScoreSIMP:		270.502321701
	ECR after adding ruleScoreMT:		151.864238238
	ECR after adding ruleScoreADD:		229.808947702
	ECR after adding ruleScoreCONJ:		205.90499406
	ECR after adding ruleScoreHS:		172.946370447
	ECR after adding ruleScoreCD:		217.498684131
	ECR after adding ruleScoreDN:		251.972849254
	ECR after adding ruleScoreDEM:		198.338520444
	ECR after adding ruleScoreIMPL:		181.30419095
	ECR after adding ruleScoreCONTRA:		267.46976503
	ECR after adding ruleScoreEQUIV:		214.2555909
	ECR after adding ruleScoreCOM:		270.556473085
	ECR after adding ruleScoreASSOC:		233.559433251
	ECR after adding ruleScoreDIST:		122.913363294
	ECR after adding ruleScoreABS:		235.455624578
	ECR after adding ruleScoreEXP:		224.586832146
	ECR after adding ruleScoreTAUT:		273.119784774
	ECR after adding cumul_Interaction:		80.5041493849
	ECR after adding cumul_hintCount:		271.979841805
	ECR after adding cumul_TotalTime:		219.208865823
	ECR after adding cumul_TotalPSTime:		215.663668662
	ECR after adding cumul_avgstepTime:		100.398206401
	ECR after adding cumul_avgstepTimeWE:		175.034592972
	ECR after adding cumul_avgstepTimePS:		218.824637583
	ECR after adding cumul_symbolicRepresentationCount:		271.811137784
	ECR after adding cumul_englishSymbolicSwitchCount:		271.643077292
	ECR after adding cumul_difficultProblemCountSolved:		64.95153897
	ECR after adding cumul_difficultProblemCountWE:		150.187230168
	ECR after adding cumul_easyProblemCountSolved:		259.381385088
	ECR after adding cumul_easyProblemCountWE:		271.262655045
	ECR after adding cumul_probAlternate:		273.201684336
	ECR after adding cumul_easyProbAlternate:		273.201684336
	ECR after adding cumul_RuleTypesCount:		159.895209118
	ECR after adding cumul_UseCount:		270.983489414
	ECR after adding cumul_PrepCount:		270.634600175
	ECR after adding cumul_MorphCount:		268.712169323
	ECR after adding cumul_OptionalCount:		272.359850878
	ECR after adding cumul_probIndexinLevel:		50.1997387585
	ECR after adding cumul_InterfaceErrorCount:		273.612582581
	ECR after adding cumul_RightApp:		225.369545462
	ECR after adding cumul_WrongApp:		272.214303463
	ECR after adding cumul_WrongSemanticsApp:		272.8615512
	ECR after adding cumul_WrongSyntaxApp:		271.432326055
	ECR after adding cumul_PrightAppRatio:		255.144046365
	ECR after adding cumul_RrightAppRatio:		206.377126078
	ECR after adding cumul_F1Score:		251.733897848
	ECR after adding cumul_FDActionCount:		200.808880099
	ECR after adding cumul_BDActionCount:		272.572932126
	ECR after adding cumul_DirectProofActionCount:		96.0678524257
	ECR after adding cumul_InDirectProofActionCount:		227.971446851
	ECR after adding cumul_actionCount:		199.537580207
	ECR after adding cumul_UseWindowInfo:		273.073425265
	ECR after adding cumul_NonPSelements:		270.700240918
	ECR after adding cumul_AppCount:		199.363031908
	ECR after adding cumul_AppRatio:		260.492868087
	ECR after adding cumul_hintRatio:		247.925189784
	ECR after adding cumul_BlankRatio:		260.487464378
	ECR after adding cumul_HoverHintCount:		272.573706966
	ECR after adding cumul_SystemInfoHintCount:		272.303955316
	ECR after adding cumul_NextStepClickCountWE:		263.75125123
	ECR after adding cumul_PreviousStepClickCountWE:		273.71598649
	ECR after adding cumul_deletedApp:		269.628206841
	ECR after adding CurrPro_NumProbRule:		59.3294483534
	ECR after adding CurrPro_avgProbTime:		71.9101276608
	ECR after adding CurrPro_avgProbTimePS:		61.7068592515
	ECR after adding CurrPro_avgProbTimeDeviationPS:		63.2203085565
	ECR after adding CurrPro_avgProbTimeWE:		57.7868610768
	ECR after adding CurrPro_avgProbTimeDeviationWE:		57.7868610768
Selected Features: cumul_PreviousStepClickCountWE
current ECR: 273.71598649

@@@@@@@@@@@ Selected Features @@@@@@@@@@@
['probDiff', 'difficultProblemCountSolved', 'Level', 'CurrPro_medianProbTime', 'stepTimeDeviation', 'cumul_TotalWETime', 'InDirectProofActionCount', 'cumul_PreviousStepClickCountWE']
done
